
*** Running vivado
    with args -log xilinx_dma_pcie_ep.vdi -applog -m64 -product Vivado -messageDb vivado.pb -mode batch -source xilinx_dma_pcie_ep.tcl -notrace


****** Vivado v2018.3 (64-bit)
  **** SW Build 2405991 on Thu Dec  6 23:36:41 MST 2018
  **** IP Build 2404404 on Fri Dec  7 01:43:56 MST 2018
    ** Copyright 1986-2018 Xilinx, Inc. All Rights Reserved.

source xilinx_dma_pcie_ep.tcl -notrace
Command: link_design -top xilinx_dma_pcie_ep -part xc7k325tffg900-2
Design is defaulting to srcset: sources_1
Design is defaulting to constrset: constrs_1
INFO: [Project 1-454] Reading design checkpoint '/home/guocheng/soft/eda/xilinx/vivado/kc705/pcie_intrp_ex/xdma_0_ex/xdma_0_ex.srcs/sources_1/ip/xdma_0/xdma_0.dcp' for cell 'xdma_0_i'
INFO: [Project 1-454] Reading design checkpoint '/home/guocheng/soft/eda/xilinx/vivado/kc705/pcie_intrp_ex/xdma_0_ex/xdma_0_ex.srcs/sources_1/ip/blk_mem_gen_1/blk_mem_gen_1.dcp' for cell 'xdma_app_i/blk_mem_xdma_inst'
INFO: [Project 1-454] Reading design checkpoint '/home/guocheng/soft/eda/xilinx/vivado/kc705/pcie_intrp_ex/xdma_0_ex/xdma_0_ex.srcs/sources_1/ip/blk_mem_gen_0/blk_mem_gen_0.dcp' for cell 'xdma_app_i/xdma_user_int_inst/blk_mem_axiLM_inst'
INFO: [Netlist 29-17] Analyzing 1863 Unisim elements for replacement
INFO: [Netlist 29-28] Unisim Transformation completed in 0 CPU seconds
INFO: [Project 1-479] Netlist was created with Vivado 2018.3
INFO: [Device 21-403] Loading part xc7k325tffg900-2
INFO: [Project 1-570] Preparing netlist for logic optimization
Parsing XDC File [/home/guocheng/soft/eda/xilinx/vivado/kc705/pcie_intrp_ex/xdma_0_ex/xdma_0_ex.srcs/sources_1/ip/xdma_0/xdma_0_board.xdc] for cell 'xdma_0_i/inst'
Finished Parsing XDC File [/home/guocheng/soft/eda/xilinx/vivado/kc705/pcie_intrp_ex/xdma_0_ex/xdma_0_ex.srcs/sources_1/ip/xdma_0/xdma_0_board.xdc] for cell 'xdma_0_i/inst'
Parsing XDC File [/home/guocheng/soft/eda/xilinx/vivado/kc705/pcie_intrp_ex/xdma_0_ex/xdma_0_ex.srcs/sources_1/ip/xdma_0/source/xdma_0_pcie3_7vx_ip.xdc] for cell 'xdma_0_i/inst'
Finished Parsing XDC File [/home/guocheng/soft/eda/xilinx/vivado/kc705/pcie_intrp_ex/xdma_0_ex/xdma_0_ex.srcs/sources_1/ip/xdma_0/source/xdma_0_pcie3_7vx_ip.xdc] for cell 'xdma_0_i/inst'
Parsing XDC File [/home/guocheng/soft/eda/xilinx/vivado/kc705/pcie_intrp_ex/xdma_0_ex/xdma_0_ex.srcs/sources_1/ip/xdma_0/ip_0/source/xdma_0_pcie2_ip-PCIE_X0Y0.xdc] for cell 'xdma_0_i/inst/xdma_0_pcie2_to_pcie3_wrapper_i/pcie2_ip_i/inst'
INFO: [Timing 38-35] Done setting XDC timing constraints. [/home/guocheng/soft/eda/xilinx/vivado/kc705/pcie_intrp_ex/xdma_0_ex/xdma_0_ex.srcs/sources_1/ip/xdma_0/ip_0/source/xdma_0_pcie2_ip-PCIE_X0Y0.xdc:130]
INFO: [Timing 38-2] Deriving generated clocks [/home/guocheng/soft/eda/xilinx/vivado/kc705/pcie_intrp_ex/xdma_0_ex/xdma_0_ex.srcs/sources_1/ip/xdma_0/ip_0/source/xdma_0_pcie2_ip-PCIE_X0Y0.xdc:130]
create_generated_clock: Time (s): cpu = 00:00:06 ; elapsed = 00:00:05 . Memory (MB): peak = 2433.449 ; gain = 608.742 ; free physical = 41612 ; free virtual = 59167
Finished Parsing XDC File [/home/guocheng/soft/eda/xilinx/vivado/kc705/pcie_intrp_ex/xdma_0_ex/xdma_0_ex.srcs/sources_1/ip/xdma_0/ip_0/source/xdma_0_pcie2_ip-PCIE_X0Y0.xdc] for cell 'xdma_0_i/inst/xdma_0_pcie2_to_pcie3_wrapper_i/pcie2_ip_i/inst'
Parsing XDC File [/home/guocheng/soft/eda/xilinx/vivado/kc705/pcie_intrp_ex/xdma_0_ex/xdma_0_ex.srcs/sources_1/ip/xdma_0/ip_3/pcie2_fifo_generator_dma_cpl.xdc] for cell 'xdma_0_i/inst/xdma_0_pcie2_to_pcie3_wrapper_i/xdma_0_axi_stream_intf_i/xdma_0_rx_demux_i/dma_cpl_fifo_inst/U0'
Finished Parsing XDC File [/home/guocheng/soft/eda/xilinx/vivado/kc705/pcie_intrp_ex/xdma_0_ex/xdma_0_ex.srcs/sources_1/ip/xdma_0/ip_3/pcie2_fifo_generator_dma_cpl.xdc] for cell 'xdma_0_i/inst/xdma_0_pcie2_to_pcie3_wrapper_i/xdma_0_axi_stream_intf_i/xdma_0_rx_demux_i/dma_cpl_fifo_inst/U0'
Parsing XDC File [/home/guocheng/soft/eda/xilinx/vivado/kc705/pcie_intrp_ex/xdma_0_ex/xdma_0_ex.srcs/sources_1/ip/xdma_0/ip_4/pcie2_fifo_generator_tgt_brdg.xdc] for cell 'xdma_0_i/inst/xdma_0_pcie2_to_pcie3_wrapper_i/xdma_0_axi_stream_intf_i/xdma_0_rx_demux_i/tgt_brdg_fifo_inst/U0'
Finished Parsing XDC File [/home/guocheng/soft/eda/xilinx/vivado/kc705/pcie_intrp_ex/xdma_0_ex/xdma_0_ex.srcs/sources_1/ip/xdma_0/ip_4/pcie2_fifo_generator_tgt_brdg.xdc] for cell 'xdma_0_i/inst/xdma_0_pcie2_to_pcie3_wrapper_i/xdma_0_axi_stream_intf_i/xdma_0_rx_demux_i/tgt_brdg_fifo_inst/U0'
Parsing XDC File [/home/guocheng/soft/eda/xilinx/vivado/kc705/pcie_intrp_ex/xdma_0_ex/imports/xilinx_pcie_xdma_ref_board.xdc]
Finished Parsing XDC File [/home/guocheng/soft/eda/xilinx/vivado/kc705/pcie_intrp_ex/xdma_0_ex/imports/xilinx_pcie_xdma_ref_board.xdc]
Sourcing Tcl File [/tools/Xilinx/Vivado/2018.3/data/ip/xpm/xpm_cdc/tcl/xpm_cdc_single.tcl] for cell 'xdma_0_i/inst/udma_wrapper/dma_top/base/IRQ_INST/usr_irq_xpm_cdc'
Finished Sourcing Tcl File [/tools/Xilinx/Vivado/2018.3/data/ip/xpm/xpm_cdc/tcl/xpm_cdc_single.tcl] for cell 'xdma_0_i/inst/udma_wrapper/dma_top/base/IRQ_INST/usr_irq_xpm_cdc'
Sourcing Tcl File [/tools/Xilinx/Vivado/2018.3/data/ip/xpm/xpm_cdc/tcl/xpm_cdc_single.tcl] for cell 'xdma_0_i/inst/xdma_0_pcie2_to_pcie3_wrapper_i/pcie2_ip_i/inst/inst/pl_received_hot_rst_cdc'
Finished Sourcing Tcl File [/tools/Xilinx/Vivado/2018.3/data/ip/xpm/xpm_cdc/tcl/xpm_cdc_single.tcl] for cell 'xdma_0_i/inst/xdma_0_pcie2_to_pcie3_wrapper_i/pcie2_ip_i/inst/inst/pl_received_hot_rst_cdc'
Sourcing Tcl File [/tools/Xilinx/Vivado/2018.3/data/ip/xpm/xpm_cdc/tcl/xpm_cdc_single.tcl] for cell 'xdma_0_i/inst/xdma_0_pcie2_to_pcie3_wrapper_i/pcie2_ip_i/inst/inst/phy_lnk_up_cdc'
Finished Sourcing Tcl File [/tools/Xilinx/Vivado/2018.3/data/ip/xpm/xpm_cdc/tcl/xpm_cdc_single.tcl] for cell 'xdma_0_i/inst/xdma_0_pcie2_to_pcie3_wrapper_i/pcie2_ip_i/inst/inst/phy_lnk_up_cdc'
INFO: [Opt 31-138] Pushed 0 inverter(s) to 0 load pin(s).
Netlist sorting complete. Time (s): cpu = 00:00:00.01 ; elapsed = 00:00:00 . Memory (MB): peak = 2435.449 ; gain = 0.000 ; free physical = 41650 ; free virtual = 59205
INFO: [Project 1-111] Unisim Transformation Summary:
  A total of 670 instances were transformed.
  RAM16X1D => RAM32X1D (RAMD32, RAMD32): 50 instances
  RAM16X1S => RAM32X1S (RAMS32): 13 instances
  RAM32M => RAM32M (RAMD32, RAMD32, RAMD32, RAMD32, RAMD32, RAMD32, RAMS32, RAMS32): 578 instances
  RAM32X1D => RAM32X1D (RAMD32, RAMD32): 20 instances
  RAM64X1S => RAM64X1S (RAMS64E): 9 instances

12 Infos, 0 Warnings, 0 Critical Warnings and 0 Errors encountered.
link_design completed successfully
link_design: Time (s): cpu = 00:00:14 ; elapsed = 00:00:13 . Memory (MB): peak = 2435.449 ; gain = 1080.176 ; free physical = 41650 ; free virtual = 59205
Command: opt_design
Attempting to get a license for feature 'Implementation' and/or device 'xc7k325t'
INFO: [Common 17-349] Got license for feature 'Implementation' and/or device 'xc7k325t'
Running DRC as a precondition to command opt_design

Starting DRC Task
INFO: [DRC 23-27] Running DRC with 8 threads
INFO: [Project 1-461] DRC finished with 0 Errors
INFO: [Project 1-462] Please refer to the DRC report (report_drc) for more information.

Time (s): cpu = 00:00:01 ; elapsed = 00:00:01 . Memory (MB): peak = 2507.484 ; gain = 64.031 ; free physical = 41644 ; free virtual = 59199

Starting Cache Timing Information Task
INFO: [Timing 38-35] Done setting XDC timing constraints.
Ending Cache Timing Information Task | Checksum: 1c52b8f90

Time (s): cpu = 00:00:01 ; elapsed = 00:00:00.59 . Memory (MB): peak = 2507.484 ; gain = 0.000 ; free physical = 41615 ; free virtual = 59170

Starting Logic Optimization Task

Phase 1 Retarget
INFO: [Opt 31-138] Pushed 6 inverter(s) to 37 load pin(s).
INFO: [Opt 31-49] Retargeted 0 cell(s).
Phase 1 Retarget | Checksum: 10ddd4cf2

Time (s): cpu = 00:00:02 ; elapsed = 00:00:01 . Memory (MB): peak = 2512.469 ; gain = 4.984 ; free physical = 41576 ; free virtual = 59130
INFO: [Opt 31-389] Phase Retarget created 171 cells and removed 600 cells
INFO: [Opt 31-1021] In phase Retarget, 20 netlist objects are constrained preventing optimization. Please run opt_design with -debug_log to get more detail. 

Phase 2 Constant propagation
INFO: [Opt 31-138] Pushed 0 inverter(s) to 0 load pin(s).
Phase 2 Constant propagation | Checksum: 1938393a2

Time (s): cpu = 00:00:02 ; elapsed = 00:00:02 . Memory (MB): peak = 2512.469 ; gain = 4.984 ; free physical = 41575 ; free virtual = 59129
INFO: [Opt 31-389] Phase Constant propagation created 345 cells and removed 573 cells
INFO: [Opt 31-1021] In phase Constant propagation, 15 netlist objects are constrained preventing optimization. Please run opt_design with -debug_log to get more detail. 

Phase 3 Sweep
Phase 3 Sweep | Checksum: 1aafd77eb

Time (s): cpu = 00:00:04 ; elapsed = 00:00:03 . Memory (MB): peak = 2512.469 ; gain = 4.984 ; free physical = 41569 ; free virtual = 59124
INFO: [Opt 31-389] Phase Sweep created 0 cells and removed 2764 cells
INFO: [Opt 31-1021] In phase Sweep, 77 netlist objects are constrained preventing optimization. Please run opt_design with -debug_log to get more detail. 

Phase 4 BUFG optimization
INFO: [Opt 31-194] Inserted BUFG xdma_0_i/inst/xdma_0_pcie2_to_pcie3_wrapper_i/pcie2_ip_i/inst/inst/gt_top_i/pipe_wrapper_i/pipe_clock_int.pipe_clock_i/clk_125mhz_BUFG_inst to drive 0 load(s) on clock net xdma_0_i/inst/xdma_0_pcie2_to_pcie3_wrapper_i/pcie2_ip_i/inst/inst/gt_top_i/pipe_wrapper_i/pipe_clock_int.pipe_clock_i/clk_125mhz_BUFG
INFO: [Opt 31-194] Inserted BUFG xdma_0_i/inst/xdma_0_pcie2_to_pcie3_wrapper_i/pcie2_ip_i/inst/inst/gt_top_i/pipe_wrapper_i/pipe_clock_int.pipe_clock_i/clk_250mhz_BUFG_inst to drive 0 load(s) on clock net xdma_0_i/inst/xdma_0_pcie2_to_pcie3_wrapper_i/pcie2_ip_i/inst/inst/gt_top_i/pipe_wrapper_i/pipe_clock_int.pipe_clock_i/clk_250mhz_BUFG
INFO: [Opt 31-194] Inserted BUFG xdma_0_i/inst/xdma_0_pcie2_to_pcie3_wrapper_i/pcie2_ip_i/inst/inst/gt_top_i/pipe_wrapper_i/pipe_clock_int.pipe_clock_i/userclk1_BUFG_inst to drive 0 load(s) on clock net xdma_0_i/inst/xdma_0_pcie2_to_pcie3_wrapper_i/pcie2_ip_i/inst/inst/gt_top_i/pipe_wrapper_i/pipe_clock_int.pipe_clock_i/userclk1_BUFG
INFO: [Opt 31-193] Inserted 3 BUFG(s) on clock nets
Phase 4 BUFG optimization | Checksum: f0e715ce

Time (s): cpu = 00:00:04 ; elapsed = 00:00:04 . Memory (MB): peak = 2512.469 ; gain = 4.984 ; free physical = 41571 ; free virtual = 59125
INFO: [Opt 31-662] Phase BUFG optimization created 0 cells of which 0 are BUFGs and removed 0 cells.

Phase 5 Shift Register Optimization
Phase 5 Shift Register Optimization | Checksum: 10e787697

Time (s): cpu = 00:00:06 ; elapsed = 00:00:05 . Memory (MB): peak = 2512.469 ; gain = 4.984 ; free physical = 41571 ; free virtual = 59126
INFO: [Opt 31-389] Phase Shift Register Optimization created 0 cells and removed 0 cells

Phase 6 Post Processing Netlist
Phase 6 Post Processing Netlist | Checksum: 1ad91e77c

Time (s): cpu = 00:00:06 ; elapsed = 00:00:05 . Memory (MB): peak = 2512.469 ; gain = 4.984 ; free physical = 41571 ; free virtual = 59126
INFO: [Opt 31-389] Phase Post Processing Netlist created 0 cells and removed 0 cells
INFO: [Opt 31-1021] In phase Post Processing Netlist, 23 netlist objects are constrained preventing optimization. Please run opt_design with -debug_log to get more detail. 
Opt_design Change Summary
=========================


-------------------------------------------------------------------------------------------------------------------------
|  Phase                        |  #Cells created  |  #Cells Removed  |  #Constrained objects preventing optimizations  |
-------------------------------------------------------------------------------------------------------------------------
|  Retarget                     |             171  |             600  |                                             20  |
|  Constant propagation         |             345  |             573  |                                             15  |
|  Sweep                        |               0  |            2764  |                                             77  |
|  BUFG optimization            |               0  |               0  |                                              0  |
|  Shift Register Optimization  |               0  |               0  |                                              0  |
|  Post Processing Netlist      |               0  |               0  |                                             23  |
-------------------------------------------------------------------------------------------------------------------------



Starting Connectivity Check Task

Time (s): cpu = 00:00:00.04 ; elapsed = 00:00:00.04 . Memory (MB): peak = 2512.469 ; gain = 0.000 ; free physical = 41571 ; free virtual = 59126
Ending Logic Optimization Task | Checksum: 113da56e5

Time (s): cpu = 00:00:06 ; elapsed = 00:00:05 . Memory (MB): peak = 2512.469 ; gain = 4.984 ; free physical = 41571 ; free virtual = 59126

Starting Power Optimization Task
INFO: [Pwropt 34-132] Skipping clock gating for clocks with a period < 2.00 ns.
INFO: [Timing 38-35] Done setting XDC timing constraints.
INFO: [Pwropt 34-9] Applying IDT optimizations ...
INFO: [Pwropt 34-10] Applying ODC optimizations ...
INFO: [Physopt 32-619] Estimated Timing Summary | WNS=1.621 | TNS=0.000 |
Running Vector-less Activity Propagation...

Finished Running Vector-less Activity Propagation


Starting PowerOpt Patch Enables Task
INFO: [Pwropt 34-162] WRITE_MODE attribute of 0 BRAM(s) out of a total of 27 has been updated to save power. Run report_power_opt to get a complete listing of the BRAMs updated.
INFO: [Pwropt 34-201] Structural ODC has moved 0 WE to EN ports
Number of BRAM Ports augmented: 7 newly gated: 21 Total Ports: 54
Ending PowerOpt Patch Enables Task | Checksum: 1018bb3d7

Time (s): cpu = 00:00:00.17 ; elapsed = 00:00:00.17 . Memory (MB): peak = 3144.980 ; gain = 0.000 ; free physical = 41515 ; free virtual = 59070
Ending Power Optimization Task | Checksum: 1018bb3d7

Time (s): cpu = 00:00:16 ; elapsed = 00:00:05 . Memory (MB): peak = 3144.980 ; gain = 632.512 ; free physical = 41548 ; free virtual = 59103

Starting Final Cleanup Task

Starting Logic Optimization Task
INFO: [Timing 38-35] Done setting XDC timing constraints.
Ending Logic Optimization Task | Checksum: 10a6dca56

Time (s): cpu = 00:00:03 ; elapsed = 00:00:01 . Memory (MB): peak = 3144.980 ; gain = 0.000 ; free physical = 41565 ; free virtual = 59120
Ending Final Cleanup Task | Checksum: 10a6dca56

Time (s): cpu = 00:00:04 ; elapsed = 00:00:02 . Memory (MB): peak = 3144.980 ; gain = 0.000 ; free physical = 41565 ; free virtual = 59120

Starting Netlist Obfuscation Task
Netlist sorting complete. Time (s): cpu = 00:00:00 ; elapsed = 00:00:00 . Memory (MB): peak = 3144.980 ; gain = 0.000 ; free physical = 41565 ; free virtual = 59120
Ending Netlist Obfuscation Task | Checksum: 10a6dca56

Time (s): cpu = 00:00:00 ; elapsed = 00:00:00 . Memory (MB): peak = 3144.980 ; gain = 0.000 ; free physical = 41565 ; free virtual = 59120
INFO: [Common 17-83] Releasing license: Implementation
43 Infos, 0 Warnings, 0 Critical Warnings and 0 Errors encountered.
opt_design completed successfully
opt_design: Time (s): cpu = 00:00:29 ; elapsed = 00:00:15 . Memory (MB): peak = 3144.980 ; gain = 709.531 ; free physical = 41565 ; free virtual = 59120
Netlist sorting complete. Time (s): cpu = 00:00:00 ; elapsed = 00:00:00 . Memory (MB): peak = 3144.980 ; gain = 0.000 ; free physical = 41565 ; free virtual = 59120
INFO: [Timing 38-480] Writing timing data to binary archive.
Writing placer database...
Writing XDEF routing.
Writing XDEF routing logical nets.
Writing XDEF routing special nets.
Write XDEF Complete: Time (s): cpu = 00:00:00.06 ; elapsed = 00:00:00.01 . Memory (MB): peak = 3144.980 ; gain = 0.000 ; free physical = 41564 ; free virtual = 59120
Netlist sorting complete. Time (s): cpu = 00:00:00 ; elapsed = 00:00:00 . Memory (MB): peak = 3144.980 ; gain = 0.000 ; free physical = 41559 ; free virtual = 59118
INFO: [Common 17-1381] The checkpoint '/home/guocheng/soft/eda/xilinx/vivado/kc705/pcie_intrp_ex/xdma_0_ex/xdma_0_ex.runs/impl_1/xilinx_dma_pcie_ep_opt.dcp' has been generated.
write_checkpoint: Time (s): cpu = 00:00:06 ; elapsed = 00:00:05 . Memory (MB): peak = 3144.980 ; gain = 0.000 ; free physical = 41555 ; free virtual = 59117
INFO: [runtcl-4] Executing : report_drc -file xilinx_dma_pcie_ep_drc_opted.rpt -pb xilinx_dma_pcie_ep_drc_opted.pb -rpx xilinx_dma_pcie_ep_drc_opted.rpx
Command: report_drc -file xilinx_dma_pcie_ep_drc_opted.rpt -pb xilinx_dma_pcie_ep_drc_opted.pb -rpx xilinx_dma_pcie_ep_drc_opted.rpx
INFO: [IP_Flow 19-1839] IP Catalog is up to date.
INFO: [DRC 23-27] Running DRC with 8 threads
INFO: [Coretcl 2-168] The results of DRC are in file /home/guocheng/soft/eda/xilinx/vivado/kc705/pcie_intrp_ex/xdma_0_ex/xdma_0_ex.runs/impl_1/xilinx_dma_pcie_ep_drc_opted.rpt.
report_drc completed successfully
Command: place_design
Attempting to get a license for feature 'Implementation' and/or device 'xc7k325t'
INFO: [Common 17-349] Got license for feature 'Implementation' and/or device 'xc7k325t'
INFO: [DRC 23-27] Running DRC with 8 threads
INFO: [Vivado_Tcl 4-198] DRC finished with 0 Errors
INFO: [Vivado_Tcl 4-199] Please refer to the DRC report (report_drc) for more information.
Running DRC as a precondition to command place_design
INFO: [DRC 23-27] Running DRC with 8 threads
WARNING: [DRC CHECK-3] Report rule limit reached: REQP-1839 rule limit reached: 20 violations have been found.
WARNING: [DRC REQP-1839] RAMB36 async control check: The RAMB36E1 xdma_0_i/inst/ram_top/MASTER_READ_BRAM/genblk1[0].u_buffermem/U0/inst_blk_mem_gen/gnbram.gnativebmg.native_blk_mem_gen/valid.cstr/ramloop[0].ram.r/prim_noinit.ram/DEVICE_7SERIES.NO_BMM_INFO.SDP.WIDE_PRIM36_NO_ECC.ram has an input control pin xdma_0_i/inst/ram_top/MASTER_READ_BRAM/genblk1[0].u_buffermem/U0/inst_blk_mem_gen/gnbram.gnativebmg.native_blk_mem_gen/valid.cstr/ramloop[0].ram.r/prim_noinit.ram/DEVICE_7SERIES.NO_BMM_INFO.SDP.WIDE_PRIM36_NO_ECC.ram/ADDRARDADDR[10] (net: xdma_0_i/inst/ram_top/MASTER_READ_BRAM/genblk1[0].u_buffermem/U0/inst_blk_mem_gen/gnbram.gnativebmg.native_blk_mem_gen/valid.cstr/ramloop[0].ram.r/prim_noinit.ram/addrb[4]) which is driven by a register (xdma_0_i/inst/xdma_0_pcie2_to_pcie3_wrapper_i/pcie2_ip_i/inst/inst/user_reset_out_reg) that has an active asychronous set or reset. This may cause corruption of the memory contents and/or read values when the set/reset is asserted and is not analyzed by the default static timing analysis. It is suggested to eliminate the use of a set/reset to registers driving this RAMB pin or else use a synchronous reset in which the assertion of the reset is timed by default.
WARNING: [DRC REQP-1839] RAMB36 async control check: The RAMB36E1 xdma_0_i/inst/ram_top/MASTER_READ_BRAM/genblk1[0].u_buffermem/U0/inst_blk_mem_gen/gnbram.gnativebmg.native_blk_mem_gen/valid.cstr/ramloop[0].ram.r/prim_noinit.ram/DEVICE_7SERIES.NO_BMM_INFO.SDP.WIDE_PRIM36_NO_ECC.ram has an input control pin xdma_0_i/inst/ram_top/MASTER_READ_BRAM/genblk1[0].u_buffermem/U0/inst_blk_mem_gen/gnbram.gnativebmg.native_blk_mem_gen/valid.cstr/ramloop[0].ram.r/prim_noinit.ram/DEVICE_7SERIES.NO_BMM_INFO.SDP.WIDE_PRIM36_NO_ECC.ram/ADDRARDADDR[11] (net: xdma_0_i/inst/ram_top/MASTER_READ_BRAM/genblk1[0].u_buffermem/U0/inst_blk_mem_gen/gnbram.gnativebmg.native_blk_mem_gen/valid.cstr/ramloop[0].ram.r/prim_noinit.ram/addrb[5]) which is driven by a register (xdma_0_i/inst/xdma_0_pcie2_to_pcie3_wrapper_i/pcie2_ip_i/inst/inst/user_reset_out_reg) that has an active asychronous set or reset. This may cause corruption of the memory contents and/or read values when the set/reset is asserted and is not analyzed by the default static timing analysis. It is suggested to eliminate the use of a set/reset to registers driving this RAMB pin or else use a synchronous reset in which the assertion of the reset is timed by default.
WARNING: [DRC REQP-1839] RAMB36 async control check: The RAMB36E1 xdma_0_i/inst/ram_top/MASTER_READ_BRAM/genblk1[0].u_buffermem/U0/inst_blk_mem_gen/gnbram.gnativebmg.native_blk_mem_gen/valid.cstr/ramloop[0].ram.r/prim_noinit.ram/DEVICE_7SERIES.NO_BMM_INFO.SDP.WIDE_PRIM36_NO_ECC.ram has an input control pin xdma_0_i/inst/ram_top/MASTER_READ_BRAM/genblk1[0].u_buffermem/U0/inst_blk_mem_gen/gnbram.gnativebmg.native_blk_mem_gen/valid.cstr/ramloop[0].ram.r/prim_noinit.ram/DEVICE_7SERIES.NO_BMM_INFO.SDP.WIDE_PRIM36_NO_ECC.ram/ADDRARDADDR[12] (net: xdma_0_i/inst/ram_top/MASTER_READ_BRAM/genblk1[0].u_buffermem/U0/inst_blk_mem_gen/gnbram.gnativebmg.native_blk_mem_gen/valid.cstr/ramloop[0].ram.r/prim_noinit.ram/addrb[6]) which is driven by a register (xdma_0_i/inst/xdma_0_pcie2_to_pcie3_wrapper_i/pcie2_ip_i/inst/inst/user_reset_out_reg) that has an active asychronous set or reset. This may cause corruption of the memory contents and/or read values when the set/reset is asserted and is not analyzed by the default static timing analysis. It is suggested to eliminate the use of a set/reset to registers driving this RAMB pin or else use a synchronous reset in which the assertion of the reset is timed by default.
WARNING: [DRC REQP-1839] RAMB36 async control check: The RAMB36E1 xdma_0_i/inst/ram_top/MASTER_READ_BRAM/genblk1[0].u_buffermem/U0/inst_blk_mem_gen/gnbram.gnativebmg.native_blk_mem_gen/valid.cstr/ramloop[0].ram.r/prim_noinit.ram/DEVICE_7SERIES.NO_BMM_INFO.SDP.WIDE_PRIM36_NO_ECC.ram has an input control pin xdma_0_i/inst/ram_top/MASTER_READ_BRAM/genblk1[0].u_buffermem/U0/inst_blk_mem_gen/gnbram.gnativebmg.native_blk_mem_gen/valid.cstr/ramloop[0].ram.r/prim_noinit.ram/DEVICE_7SERIES.NO_BMM_INFO.SDP.WIDE_PRIM36_NO_ECC.ram/ADDRARDADDR[13] (net: xdma_0_i/inst/ram_top/MASTER_READ_BRAM/genblk1[0].u_buffermem/U0/inst_blk_mem_gen/gnbram.gnativebmg.native_blk_mem_gen/valid.cstr/ramloop[0].ram.r/prim_noinit.ram/addrb[7]) which is driven by a register (xdma_0_i/inst/xdma_0_pcie2_to_pcie3_wrapper_i/pcie2_ip_i/inst/inst/user_reset_out_reg) that has an active asychronous set or reset. This may cause corruption of the memory contents and/or read values when the set/reset is asserted and is not analyzed by the default static timing analysis. It is suggested to eliminate the use of a set/reset to registers driving this RAMB pin or else use a synchronous reset in which the assertion of the reset is timed by default.
WARNING: [DRC REQP-1839] RAMB36 async control check: The RAMB36E1 xdma_0_i/inst/ram_top/MASTER_READ_BRAM/genblk1[0].u_buffermem/U0/inst_blk_mem_gen/gnbram.gnativebmg.native_blk_mem_gen/valid.cstr/ramloop[0].ram.r/prim_noinit.ram/DEVICE_7SERIES.NO_BMM_INFO.SDP.WIDE_PRIM36_NO_ECC.ram has an input control pin xdma_0_i/inst/ram_top/MASTER_READ_BRAM/genblk1[0].u_buffermem/U0/inst_blk_mem_gen/gnbram.gnativebmg.native_blk_mem_gen/valid.cstr/ramloop[0].ram.r/prim_noinit.ram/DEVICE_7SERIES.NO_BMM_INFO.SDP.WIDE_PRIM36_NO_ECC.ram/ADDRARDADDR[14] (net: xdma_0_i/inst/ram_top/MASTER_READ_BRAM/genblk1[0].u_buffermem/U0/inst_blk_mem_gen/gnbram.gnativebmg.native_blk_mem_gen/valid.cstr/ramloop[0].ram.r/prim_noinit.ram/addrb[8]) which is driven by a register (xdma_0_i/inst/xdma_0_pcie2_to_pcie3_wrapper_i/pcie2_ip_i/inst/inst/user_reset_out_reg) that has an active asychronous set or reset. This may cause corruption of the memory contents and/or read values when the set/reset is asserted and is not analyzed by the default static timing analysis. It is suggested to eliminate the use of a set/reset to registers driving this RAMB pin or else use a synchronous reset in which the assertion of the reset is timed by default.
WARNING: [DRC REQP-1839] RAMB36 async control check: The RAMB36E1 xdma_0_i/inst/ram_top/MASTER_READ_BRAM/genblk1[0].u_buffermem/U0/inst_blk_mem_gen/gnbram.gnativebmg.native_blk_mem_gen/valid.cstr/ramloop[0].ram.r/prim_noinit.ram/DEVICE_7SERIES.NO_BMM_INFO.SDP.WIDE_PRIM36_NO_ECC.ram has an input control pin xdma_0_i/inst/ram_top/MASTER_READ_BRAM/genblk1[0].u_buffermem/U0/inst_blk_mem_gen/gnbram.gnativebmg.native_blk_mem_gen/valid.cstr/ramloop[0].ram.r/prim_noinit.ram/DEVICE_7SERIES.NO_BMM_INFO.SDP.WIDE_PRIM36_NO_ECC.ram/ADDRARDADDR[6] (net: xdma_0_i/inst/ram_top/MASTER_READ_BRAM/genblk1[0].u_buffermem/U0/inst_blk_mem_gen/gnbram.gnativebmg.native_blk_mem_gen/valid.cstr/ramloop[0].ram.r/prim_noinit.ram/addrb[0]) which is driven by a register (xdma_0_i/inst/xdma_0_pcie2_to_pcie3_wrapper_i/pcie2_ip_i/inst/inst/user_reset_out_reg) that has an active asychronous set or reset. This may cause corruption of the memory contents and/or read values when the set/reset is asserted and is not analyzed by the default static timing analysis. It is suggested to eliminate the use of a set/reset to registers driving this RAMB pin or else use a synchronous reset in which the assertion of the reset is timed by default.
WARNING: [DRC REQP-1839] RAMB36 async control check: The RAMB36E1 xdma_0_i/inst/ram_top/MASTER_READ_BRAM/genblk1[0].u_buffermem/U0/inst_blk_mem_gen/gnbram.gnativebmg.native_blk_mem_gen/valid.cstr/ramloop[0].ram.r/prim_noinit.ram/DEVICE_7SERIES.NO_BMM_INFO.SDP.WIDE_PRIM36_NO_ECC.ram has an input control pin xdma_0_i/inst/ram_top/MASTER_READ_BRAM/genblk1[0].u_buffermem/U0/inst_blk_mem_gen/gnbram.gnativebmg.native_blk_mem_gen/valid.cstr/ramloop[0].ram.r/prim_noinit.ram/DEVICE_7SERIES.NO_BMM_INFO.SDP.WIDE_PRIM36_NO_ECC.ram/ADDRARDADDR[7] (net: xdma_0_i/inst/ram_top/MASTER_READ_BRAM/genblk1[0].u_buffermem/U0/inst_blk_mem_gen/gnbram.gnativebmg.native_blk_mem_gen/valid.cstr/ramloop[0].ram.r/prim_noinit.ram/addrb[1]) which is driven by a register (xdma_0_i/inst/xdma_0_pcie2_to_pcie3_wrapper_i/pcie2_ip_i/inst/inst/user_reset_out_reg) that has an active asychronous set or reset. This may cause corruption of the memory contents and/or read values when the set/reset is asserted and is not analyzed by the default static timing analysis. It is suggested to eliminate the use of a set/reset to registers driving this RAMB pin or else use a synchronous reset in which the assertion of the reset is timed by default.
WARNING: [DRC REQP-1839] RAMB36 async control check: The RAMB36E1 xdma_0_i/inst/ram_top/MASTER_READ_BRAM/genblk1[0].u_buffermem/U0/inst_blk_mem_gen/gnbram.gnativebmg.native_blk_mem_gen/valid.cstr/ramloop[0].ram.r/prim_noinit.ram/DEVICE_7SERIES.NO_BMM_INFO.SDP.WIDE_PRIM36_NO_ECC.ram has an input control pin xdma_0_i/inst/ram_top/MASTER_READ_BRAM/genblk1[0].u_buffermem/U0/inst_blk_mem_gen/gnbram.gnativebmg.native_blk_mem_gen/valid.cstr/ramloop[0].ram.r/prim_noinit.ram/DEVICE_7SERIES.NO_BMM_INFO.SDP.WIDE_PRIM36_NO_ECC.ram/ADDRARDADDR[8] (net: xdma_0_i/inst/ram_top/MASTER_READ_BRAM/genblk1[0].u_buffermem/U0/inst_blk_mem_gen/gnbram.gnativebmg.native_blk_mem_gen/valid.cstr/ramloop[0].ram.r/prim_noinit.ram/addrb[2]) which is driven by a register (xdma_0_i/inst/xdma_0_pcie2_to_pcie3_wrapper_i/pcie2_ip_i/inst/inst/user_reset_out_reg) that has an active asychronous set or reset. This may cause corruption of the memory contents and/or read values when the set/reset is asserted and is not analyzed by the default static timing analysis. It is suggested to eliminate the use of a set/reset to registers driving this RAMB pin or else use a synchronous reset in which the assertion of the reset is timed by default.
WARNING: [DRC REQP-1839] RAMB36 async control check: The RAMB36E1 xdma_0_i/inst/ram_top/MASTER_READ_BRAM/genblk1[0].u_buffermem/U0/inst_blk_mem_gen/gnbram.gnativebmg.native_blk_mem_gen/valid.cstr/ramloop[0].ram.r/prim_noinit.ram/DEVICE_7SERIES.NO_BMM_INFO.SDP.WIDE_PRIM36_NO_ECC.ram has an input control pin xdma_0_i/inst/ram_top/MASTER_READ_BRAM/genblk1[0].u_buffermem/U0/inst_blk_mem_gen/gnbram.gnativebmg.native_blk_mem_gen/valid.cstr/ramloop[0].ram.r/prim_noinit.ram/DEVICE_7SERIES.NO_BMM_INFO.SDP.WIDE_PRIM36_NO_ECC.ram/ADDRARDADDR[9] (net: xdma_0_i/inst/ram_top/MASTER_READ_BRAM/genblk1[0].u_buffermem/U0/inst_blk_mem_gen/gnbram.gnativebmg.native_blk_mem_gen/valid.cstr/ramloop[0].ram.r/prim_noinit.ram/addrb[3]) which is driven by a register (xdma_0_i/inst/xdma_0_pcie2_to_pcie3_wrapper_i/pcie2_ip_i/inst/inst/user_reset_out_reg) that has an active asychronous set or reset. This may cause corruption of the memory contents and/or read values when the set/reset is asserted and is not analyzed by the default static timing analysis. It is suggested to eliminate the use of a set/reset to registers driving this RAMB pin or else use a synchronous reset in which the assertion of the reset is timed by default.
WARNING: [DRC REQP-1839] RAMB36 async control check: The RAMB36E1 xdma_0_i/inst/ram_top/MASTER_WRITE_FIFO/genblk1[0].u_buffermem/U0/inst_blk_mem_gen/gnbram.gnativebmg.native_blk_mem_gen/valid.cstr/ramloop[0].ram.r/prim_noinit.ram/DEVICE_7SERIES.NO_BMM_INFO.SDP.WIDE_PRIM36_NO_ECC.ram has an input control pin xdma_0_i/inst/ram_top/MASTER_WRITE_FIFO/genblk1[0].u_buffermem/U0/inst_blk_mem_gen/gnbram.gnativebmg.native_blk_mem_gen/valid.cstr/ramloop[0].ram.r/prim_noinit.ram/DEVICE_7SERIES.NO_BMM_INFO.SDP.WIDE_PRIM36_NO_ECC.ram/ENARDEN (net: xdma_0_i/inst/ram_top/MASTER_WRITE_FIFO/genblk1[0].u_buffermem/U0/inst_blk_mem_gen/gnbram.gnativebmg.native_blk_mem_gen/valid.cstr/ramloop[0].ram.r/prim_noinit.ram/pwropt) which is driven by a register (xdma_0_i/inst/udma_wrapper/dma_top/user_rst_n_2ff_reg[1]) that has an active asychronous set or reset. This may cause corruption of the memory contents and/or read values when the set/reset is asserted and is not analyzed by the default static timing analysis. It is suggested to eliminate the use of a set/reset to registers driving this RAMB pin or else use a synchronous reset in which the assertion of the reset is timed by default.
WARNING: [DRC REQP-1839] RAMB36 async control check: The RAMB36E1 xdma_0_i/inst/udma_wrapper/dma_top/dma_enable.vul_dma/RD/gen_rdwr_loop[0].gen_rdwr_eng.RDWR_INST/rrq_wadr_nn1_reg has an input control pin xdma_0_i/inst/udma_wrapper/dma_top/dma_enable.vul_dma/RD/gen_rdwr_loop[0].gen_rdwr_eng.RDWR_INST/rrq_wadr_nn1_reg/RSTRAMARSTRAM (net: xdma_0_i/inst/udma_wrapper/dma_top/dma_enable.vul_dma/RD/gen_rdwr_loop[0].gen_rdwr_eng.RDWR_INST/rrq_wadr_nn1_reg_0) which is driven by a register (xdma_0_i/inst/udma_wrapper/dma_top/dma_enable.vul_dma/pcie_h2c_rst_3ff_reg[0]_rep__5) that has an active asychronous set or reset. This may cause corruption of the memory contents and/or read values when the set/reset is asserted and is not analyzed by the default static timing analysis. It is suggested to eliminate the use of a set/reset to registers driving this RAMB pin or else use a synchronous reset in which the assertion of the reset is timed by default.
WARNING: [DRC REQP-1839] RAMB36 async control check: The RAMB36E1 xdma_0_i/inst/udma_wrapper/dma_top/dma_enable.vul_dma/RD/gen_rdwr_loop[1].gen_rdwr_eng.RDWR_INST/rrq_wadr_nn1_reg has an input control pin xdma_0_i/inst/udma_wrapper/dma_top/dma_enable.vul_dma/RD/gen_rdwr_loop[1].gen_rdwr_eng.RDWR_INST/rrq_wadr_nn1_reg/RSTRAMARSTRAM (net: xdma_0_i/inst/udma_wrapper/dma_top/dma_enable.vul_dma/RD/gen_rdwr_loop[1].gen_rdwr_eng.RDWR_INST/rrq_wadr_nn1_reg_0) which is driven by a register (xdma_0_i/inst/udma_wrapper/dma_top/dma_enable.vul_dma/pcie_h2c_rst_3ff_reg[1]_rep__5) that has an active asychronous set or reset. This may cause corruption of the memory contents and/or read values when the set/reset is asserted and is not analyzed by the default static timing analysis. It is suggested to eliminate the use of a set/reset to registers driving this RAMB pin or else use a synchronous reset in which the assertion of the reset is timed by default.
WARNING: [DRC REQP-1839] RAMB36 async control check: The RAMB36E1 xdma_0_i/inst/udma_wrapper/dma_top/dma_enable.vul_dma/WR/gen_rdwr_loop[0].gen_rdwr_eng.RDWR_INST/rrq_wadr_nn1_reg has an input control pin xdma_0_i/inst/udma_wrapper/dma_top/dma_enable.vul_dma/WR/gen_rdwr_loop[0].gen_rdwr_eng.RDWR_INST/rrq_wadr_nn1_reg/RSTRAMARSTRAM (net: xdma_0_i/inst/udma_wrapper/dma_top/dma_enable.vul_dma/WR/gen_rdwr_loop[0].gen_rdwr_eng.RDWR_INST/rrq_wadr_nn1_reg_0) which is driven by a register (xdma_0_i/inst/udma_wrapper/dma_top/dma_enable.vul_dma/pcie_c2h_rst_3ff_reg[0]_rep__5) that has an active asychronous set or reset. This may cause corruption of the memory contents and/or read values when the set/reset is asserted and is not analyzed by the default static timing analysis. It is suggested to eliminate the use of a set/reset to registers driving this RAMB pin or else use a synchronous reset in which the assertion of the reset is timed by default.
WARNING: [DRC REQP-1839] RAMB36 async control check: The RAMB36E1 xdma_0_i/inst/udma_wrapper/dma_top/dma_enable.vul_dma/WR/gen_rdwr_loop[1].gen_rdwr_eng.RDWR_INST/rrq_wadr_nn1_reg has an input control pin xdma_0_i/inst/udma_wrapper/dma_top/dma_enable.vul_dma/WR/gen_rdwr_loop[1].gen_rdwr_eng.RDWR_INST/rrq_wadr_nn1_reg/RSTRAMARSTRAM (net: xdma_0_i/inst/udma_wrapper/dma_top/dma_enable.vul_dma/WR/gen_rdwr_loop[1].gen_rdwr_eng.RDWR_INST/rrq_wadr_nn1_reg_0) which is driven by a register (xdma_0_i/inst/udma_wrapper/dma_top/dma_enable.vul_dma/pcie_c2h_rst_3ff_reg[1]_rep__5) that has an active asychronous set or reset. This may cause corruption of the memory contents and/or read values when the set/reset is asserted and is not analyzed by the default static timing analysis. It is suggested to eliminate the use of a set/reset to registers driving this RAMB pin or else use a synchronous reset in which the assertion of the reset is timed by default.
WARNING: [DRC REQP-1839] RAMB36 async control check: The RAMB36E1 xdma_0_i/inst/xdma_0_pcie2_to_pcie3_wrapper_i/pcie2_ip_i/inst/inst/pcie_top_i/pcie_7x_i/pcie_bram_top/pcie_brams_rx/brams[0].ram/use_tdp.ramb36/genblk5_0.bram36_tdp_bl.bram36_tdp_bl has an input control pin xdma_0_i/inst/xdma_0_pcie2_to_pcie3_wrapper_i/pcie2_ip_i/inst/inst/pcie_top_i/pcie_7x_i/pcie_bram_top/pcie_brams_rx/brams[0].ram/use_tdp.ramb36/genblk5_0.bram36_tdp_bl.bram36_tdp_bl/ADDRARDADDR[10] (net: xdma_0_i/inst/xdma_0_pcie2_to_pcie3_wrapper_i/pcie2_ip_i/inst/inst/pcie_top_i/pcie_7x_i/pcie_bram_top/pcie_brams_rx/brams[0].ram/use_tdp.ramb36/MIMRXWADDR[6]) which is driven by a register (xdma_0_i/inst/xdma_0_pcie2_to_pcie3_wrapper_i/xdma_0_axi_stream_intf_i/xdma_0_rx_demux_i/tgt_brdg_fifo_inst/U0/inst_fifo_gen/gaxis_fifo.gaxisf.axisf/grf.rf/gntv_or_sync_fifo.gl0.wr/gwss.gpf.wrpf/gpfs.prog_full_i_reg) that has an active asychronous set or reset. This may cause corruption of the memory contents and/or read values when the set/reset is asserted and is not analyzed by the default static timing analysis. It is suggested to eliminate the use of a set/reset to registers driving this RAMB pin or else use a synchronous reset in which the assertion of the reset is timed by default.
WARNING: [DRC REQP-1839] RAMB36 async control check: The RAMB36E1 xdma_0_i/inst/xdma_0_pcie2_to_pcie3_wrapper_i/pcie2_ip_i/inst/inst/pcie_top_i/pcie_7x_i/pcie_bram_top/pcie_brams_rx/brams[0].ram/use_tdp.ramb36/genblk5_0.bram36_tdp_bl.bram36_tdp_bl has an input control pin xdma_0_i/inst/xdma_0_pcie2_to_pcie3_wrapper_i/pcie2_ip_i/inst/inst/pcie_top_i/pcie_7x_i/pcie_bram_top/pcie_brams_rx/brams[0].ram/use_tdp.ramb36/genblk5_0.bram36_tdp_bl.bram36_tdp_bl/ADDRARDADDR[11] (net: xdma_0_i/inst/xdma_0_pcie2_to_pcie3_wrapper_i/pcie2_ip_i/inst/inst/pcie_top_i/pcie_7x_i/pcie_bram_top/pcie_brams_rx/brams[0].ram/use_tdp.ramb36/MIMRXWADDR[7]) which is driven by a register (xdma_0_i/inst/xdma_0_pcie2_to_pcie3_wrapper_i/xdma_0_axi_stream_intf_i/xdma_0_rx_demux_i/tgt_brdg_fifo_inst/U0/inst_fifo_gen/gaxis_fifo.gaxisf.axisf/grf.rf/gntv_or_sync_fifo.gl0.wr/gwss.gpf.wrpf/gpfs.prog_full_i_reg) that has an active asychronous set or reset. This may cause corruption of the memory contents and/or read values when the set/reset is asserted and is not analyzed by the default static timing analysis. It is suggested to eliminate the use of a set/reset to registers driving this RAMB pin or else use a synchronous reset in which the assertion of the reset is timed by default.
WARNING: [DRC REQP-1839] RAMB36 async control check: The RAMB36E1 xdma_0_i/inst/xdma_0_pcie2_to_pcie3_wrapper_i/pcie2_ip_i/inst/inst/pcie_top_i/pcie_7x_i/pcie_bram_top/pcie_brams_rx/brams[0].ram/use_tdp.ramb36/genblk5_0.bram36_tdp_bl.bram36_tdp_bl has an input control pin xdma_0_i/inst/xdma_0_pcie2_to_pcie3_wrapper_i/pcie2_ip_i/inst/inst/pcie_top_i/pcie_7x_i/pcie_bram_top/pcie_brams_rx/brams[0].ram/use_tdp.ramb36/genblk5_0.bram36_tdp_bl.bram36_tdp_bl/ADDRARDADDR[12] (net: xdma_0_i/inst/xdma_0_pcie2_to_pcie3_wrapper_i/pcie2_ip_i/inst/inst/pcie_top_i/pcie_7x_i/pcie_bram_top/pcie_brams_rx/brams[0].ram/use_tdp.ramb36/MIMRXWADDR[8]) which is driven by a register (xdma_0_i/inst/xdma_0_pcie2_to_pcie3_wrapper_i/xdma_0_axi_stream_intf_i/xdma_0_rx_demux_i/tgt_brdg_fifo_inst/U0/inst_fifo_gen/gaxis_fifo.gaxisf.axisf/grf.rf/gntv_or_sync_fifo.gl0.wr/gwss.gpf.wrpf/gpfs.prog_full_i_reg) that has an active asychronous set or reset. This may cause corruption of the memory contents and/or read values when the set/reset is asserted and is not analyzed by the default static timing analysis. It is suggested to eliminate the use of a set/reset to registers driving this RAMB pin or else use a synchronous reset in which the assertion of the reset is timed by default.
WARNING: [DRC REQP-1839] RAMB36 async control check: The RAMB36E1 xdma_0_i/inst/xdma_0_pcie2_to_pcie3_wrapper_i/pcie2_ip_i/inst/inst/pcie_top_i/pcie_7x_i/pcie_bram_top/pcie_brams_rx/brams[0].ram/use_tdp.ramb36/genblk5_0.bram36_tdp_bl.bram36_tdp_bl has an input control pin xdma_0_i/inst/xdma_0_pcie2_to_pcie3_wrapper_i/pcie2_ip_i/inst/inst/pcie_top_i/pcie_7x_i/pcie_bram_top/pcie_brams_rx/brams[0].ram/use_tdp.ramb36/genblk5_0.bram36_tdp_bl.bram36_tdp_bl/ADDRARDADDR[13] (net: xdma_0_i/inst/xdma_0_pcie2_to_pcie3_wrapper_i/pcie2_ip_i/inst/inst/pcie_top_i/pcie_7x_i/pcie_bram_top/pcie_brams_rx/brams[0].ram/use_tdp.ramb36/MIMRXWADDR[9]) which is driven by a register (xdma_0_i/inst/xdma_0_pcie2_to_pcie3_wrapper_i/xdma_0_axi_stream_intf_i/xdma_0_rx_demux_i/tgt_brdg_fifo_inst/U0/inst_fifo_gen/gaxis_fifo.gaxisf.axisf/grf.rf/gntv_or_sync_fifo.gl0.wr/gwss.gpf.wrpf/gpfs.prog_full_i_reg) that has an active asychronous set or reset. This may cause corruption of the memory contents and/or read values when the set/reset is asserted and is not analyzed by the default static timing analysis. It is suggested to eliminate the use of a set/reset to registers driving this RAMB pin or else use a synchronous reset in which the assertion of the reset is timed by default.
WARNING: [DRC REQP-1839] RAMB36 async control check: The RAMB36E1 xdma_0_i/inst/xdma_0_pcie2_to_pcie3_wrapper_i/pcie2_ip_i/inst/inst/pcie_top_i/pcie_7x_i/pcie_bram_top/pcie_brams_rx/brams[0].ram/use_tdp.ramb36/genblk5_0.bram36_tdp_bl.bram36_tdp_bl has an input control pin xdma_0_i/inst/xdma_0_pcie2_to_pcie3_wrapper_i/pcie2_ip_i/inst/inst/pcie_top_i/pcie_7x_i/pcie_bram_top/pcie_brams_rx/brams[0].ram/use_tdp.ramb36/genblk5_0.bram36_tdp_bl.bram36_tdp_bl/ADDRARDADDR[14] (net: xdma_0_i/inst/xdma_0_pcie2_to_pcie3_wrapper_i/pcie2_ip_i/inst/inst/pcie_top_i/pcie_7x_i/pcie_bram_top/pcie_brams_rx/brams[0].ram/use_tdp.ramb36/MIMRXWADDR[10]) which is driven by a register (xdma_0_i/inst/xdma_0_pcie2_to_pcie3_wrapper_i/xdma_0_axi_stream_intf_i/xdma_0_rx_demux_i/tgt_brdg_fifo_inst/U0/inst_fifo_gen/gaxis_fifo.gaxisf.axisf/grf.rf/gntv_or_sync_fifo.gl0.wr/gwss.gpf.wrpf/gpfs.prog_full_i_reg) that has an active asychronous set or reset. This may cause corruption of the memory contents and/or read values when the set/reset is asserted and is not analyzed by the default static timing analysis. It is suggested to eliminate the use of a set/reset to registers driving this RAMB pin or else use a synchronous reset in which the assertion of the reset is timed by default.
WARNING: [DRC REQP-1839] RAMB36 async control check: The RAMB36E1 xdma_0_i/inst/xdma_0_pcie2_to_pcie3_wrapper_i/pcie2_ip_i/inst/inst/pcie_top_i/pcie_7x_i/pcie_bram_top/pcie_brams_rx/brams[0].ram/use_tdp.ramb36/genblk5_0.bram36_tdp_bl.bram36_tdp_bl has an input control pin xdma_0_i/inst/xdma_0_pcie2_to_pcie3_wrapper_i/pcie2_ip_i/inst/inst/pcie_top_i/pcie_7x_i/pcie_bram_top/pcie_brams_rx/brams[0].ram/use_tdp.ramb36/genblk5_0.bram36_tdp_bl.bram36_tdp_bl/ADDRARDADDR[9] (net: xdma_0_i/inst/xdma_0_pcie2_to_pcie3_wrapper_i/pcie2_ip_i/inst/inst/pcie_top_i/pcie_7x_i/pcie_bram_top/pcie_brams_rx/brams[0].ram/use_tdp.ramb36/MIMRXWADDR[5]) which is driven by a register (xdma_0_i/inst/xdma_0_pcie2_to_pcie3_wrapper_i/xdma_0_axi_stream_intf_i/xdma_0_rx_demux_i/tgt_brdg_fifo_inst/U0/inst_fifo_gen/gaxis_fifo.gaxisf.axisf/grf.rf/gntv_or_sync_fifo.gl0.wr/gwss.gpf.wrpf/gpfs.prog_full_i_reg) that has an active asychronous set or reset. This may cause corruption of the memory contents and/or read values when the set/reset is asserted and is not analyzed by the default static timing analysis. It is suggested to eliminate the use of a set/reset to registers driving this RAMB pin or else use a synchronous reset in which the assertion of the reset is timed by default.
WARNING: [DRC REQP-1840] RAMB18 async control check: The RAMB18E1 xdma_0_i/inst/xdma_0_pcie2_to_pcie3_wrapper_i/xdma_0_axi_stream_intf_i/xdma_0_rx_demux_i/dma_cpl_fifo_inst/U0/inst_fifo_gen/gaxis_fifo.gaxisf.axisf/grf.rf/gntv_or_sync_fifo.mem/gbm.gbmg.gbmga.ngecc.bmg/inst_blk_mem_gen/gnbram.gnativebmg.native_blk_mem_gen/valid.cstr/ramloop[0].ram.r/prim_noinit.ram/DEVICE_7SERIES.NO_BMM_INFO.SDP.WIDE_PRIM18.ram has an input control pin xdma_0_i/inst/xdma_0_pcie2_to_pcie3_wrapper_i/xdma_0_axi_stream_intf_i/xdma_0_rx_demux_i/dma_cpl_fifo_inst/U0/inst_fifo_gen/gaxis_fifo.gaxisf.axisf/grf.rf/gntv_or_sync_fifo.mem/gbm.gbmg.gbmga.ngecc.bmg/inst_blk_mem_gen/gnbram.gnativebmg.native_blk_mem_gen/valid.cstr/ramloop[0].ram.r/prim_noinit.ram/DEVICE_7SERIES.NO_BMM_INFO.SDP.WIDE_PRIM18.ram/ENARDEN (net: xdma_0_i/inst/xdma_0_pcie2_to_pcie3_wrapper_i/xdma_0_axi_stream_intf_i/xdma_0_rx_demux_i/dma_cpl_fifo_inst/U0/inst_fifo_gen/gaxis_fifo.gaxisf.axisf/grf.rf/gntv_or_sync_fifo.mem/gbm.gbmg.gbmga.ngecc.bmg/inst_blk_mem_gen/gnbram.gnativebmg.native_blk_mem_gen/valid.cstr/ramloop[0].ram.r/prim_noinit.ram/ram_rd_en_i) which is driven by a register (xdma_0_i/inst/xdma_0_pcie2_to_pcie3_wrapper_i/pcie2_ip_i/inst/inst/user_reset_out_reg) that has an active asychronous set or reset. This may cause corruption of the memory contents and/or read values when the set/reset is asserted and is not analyzed by the default static timing analysis. It is suggested to eliminate the use of a set/reset to registers driving this RAMB pin or else use a synchronous reset in which the assertion of the reset is timed by default.
INFO: [Vivado_Tcl 4-198] DRC finished with 0 Errors, 22 Warnings
INFO: [Vivado_Tcl 4-199] Please refer to the DRC report (report_drc) for more information.

Starting Placer Task
INFO: [Place 30-611] Multithreading enabled for place_design using a maximum of 8 CPUs

Phase 1 Placer Initialization

Phase 1.1 Placer Initialization Netlist Sorting
Netlist sorting complete. Time (s): cpu = 00:00:00 ; elapsed = 00:00:00.01 . Memory (MB): peak = 3144.980 ; gain = 0.000 ; free physical = 41512 ; free virtual = 59073
Phase 1.1 Placer Initialization Netlist Sorting | Checksum: d89b1095

Time (s): cpu = 00:00:00.02 ; elapsed = 00:00:00.03 . Memory (MB): peak = 3144.980 ; gain = 0.000 ; free physical = 41512 ; free virtual = 59073
Netlist sorting complete. Time (s): cpu = 00:00:00 ; elapsed = 00:00:00 . Memory (MB): peak = 3144.980 ; gain = 0.000 ; free physical = 41512 ; free virtual = 59073

Phase 1.2 IO Placement/ Clock Placement/ Build Placer Device
INFO: [Timing 38-35] Done setting XDC timing constraints.
Phase 1.2 IO Placement/ Clock Placement/ Build Placer Device | Checksum: 623ebad8

Time (s): cpu = 00:00:04 ; elapsed = 00:00:02 . Memory (MB): peak = 3144.980 ; gain = 0.000 ; free physical = 41481 ; free virtual = 59042

Phase 1.3 Build Placer Netlist Model
Phase 1.3 Build Placer Netlist Model | Checksum: c508cb1c

Time (s): cpu = 00:00:12 ; elapsed = 00:00:06 . Memory (MB): peak = 3144.980 ; gain = 0.000 ; free physical = 41415 ; free virtual = 58976

Phase 1.4 Constrain Clocks/Macros
Phase 1.4 Constrain Clocks/Macros | Checksum: c508cb1c

Time (s): cpu = 00:00:12 ; elapsed = 00:00:06 . Memory (MB): peak = 3144.980 ; gain = 0.000 ; free physical = 41415 ; free virtual = 58976
Phase 1 Placer Initialization | Checksum: c508cb1c

Time (s): cpu = 00:00:12 ; elapsed = 00:00:06 . Memory (MB): peak = 3144.980 ; gain = 0.000 ; free physical = 41415 ; free virtual = 58976

Phase 2 Global Placement

Phase 2.1 Floorplanning
Phase 2.1 Floorplanning | Checksum: ca1e88ca

Time (s): cpu = 00:00:16 ; elapsed = 00:00:07 . Memory (MB): peak = 3144.980 ; gain = 0.000 ; free physical = 41369 ; free virtual = 58930

Phase 2.2 Physical Synthesis In Placer
INFO: [Physopt 32-65] No nets found for high-fanout optimization.
INFO: [Physopt 32-232] Optimized 0 net. Created 0 new instance.
INFO: [Physopt 32-775] End 1 Pass. Optimized 0 net or cell. Created 0 new cell, deleted 0 existing cell and moved 0 existing cell
INFO: [Physopt 32-670] No setup violation found.  DSP Register Optimization was not performed.
INFO: [Physopt 32-670] No setup violation found.  Shift Register Optimization was not performed.
INFO: [Physopt 32-670] No setup violation found.  BRAM Register Optimization was not performed.
INFO: [Physopt 32-949] No candidate nets found for HD net replication
INFO: [Physopt 32-775] End 1 Pass. Optimized 0 net or cell. Created 0 new cell, deleted 0 existing cell and moved 0 existing cell
Netlist sorting complete. Time (s): cpu = 00:00:00 ; elapsed = 00:00:00 . Memory (MB): peak = 3144.980 ; gain = 0.000 ; free physical = 41312 ; free virtual = 58873

Summary of Physical Synthesis Optimizations
============================================


----------------------------------------------------------------------------------------------------------------------------------------
|  Optimization                  |  Added Cells  |  Removed Cells  |  Optimized Cells/Nets  |  Dont Touch  |  Iterations  |  Elapsed   |
----------------------------------------------------------------------------------------------------------------------------------------
|  Very High Fanout              |            0  |              0  |                     0  |           0  |           1  |  00:00:00  |
|  DSP Register                  |            0  |              0  |                     0  |           0  |           0  |  00:00:00  |
|  Shift Register                |            0  |              0  |                     0  |           0  |           0  |  00:00:00  |
|  BRAM Register                 |            0  |              0  |                     0  |           0  |           0  |  00:00:00  |
|  HD Interface Net Replication  |            0  |              0  |                     0  |           0  |           1  |  00:00:00  |
|  Total                         |            0  |              0  |                     0  |           0  |           2  |  00:00:00  |
----------------------------------------------------------------------------------------------------------------------------------------


Phase 2.2 Physical Synthesis In Placer | Checksum: 164cc8e1f

Time (s): cpu = 00:00:49 ; elapsed = 00:00:19 . Memory (MB): peak = 3144.980 ; gain = 0.000 ; free physical = 41312 ; free virtual = 58874
Phase 2 Global Placement | Checksum: a4900d5a

Time (s): cpu = 00:00:51 ; elapsed = 00:00:19 . Memory (MB): peak = 3144.980 ; gain = 0.000 ; free physical = 41320 ; free virtual = 58881

Phase 3 Detail Placement

Phase 3.1 Commit Multi Column Macros
Phase 3.1 Commit Multi Column Macros | Checksum: a4900d5a

Time (s): cpu = 00:00:51 ; elapsed = 00:00:19 . Memory (MB): peak = 3144.980 ; gain = 0.000 ; free physical = 41320 ; free virtual = 58881

Phase 3.2 Commit Most Macros & LUTRAMs
Phase 3.2 Commit Most Macros & LUTRAMs | Checksum: 1ef43a9e6

Time (s): cpu = 00:00:57 ; elapsed = 00:00:22 . Memory (MB): peak = 3144.980 ; gain = 0.000 ; free physical = 41312 ; free virtual = 58874

Phase 3.3 Area Swap Optimization
Phase 3.3 Area Swap Optimization | Checksum: 20485196c

Time (s): cpu = 00:00:57 ; elapsed = 00:00:22 . Memory (MB): peak = 3144.980 ; gain = 0.000 ; free physical = 41312 ; free virtual = 58874

Phase 3.4 Pipeline Register Optimization
Phase 3.4 Pipeline Register Optimization | Checksum: 211ea3c73

Time (s): cpu = 00:00:57 ; elapsed = 00:00:22 . Memory (MB): peak = 3144.980 ; gain = 0.000 ; free physical = 41312 ; free virtual = 58874

Phase 3.5 Small Shape Detail Placement
Phase 3.5 Small Shape Detail Placement | Checksum: 1799eeaf3

Time (s): cpu = 00:01:03 ; elapsed = 00:00:26 . Memory (MB): peak = 3144.980 ; gain = 0.000 ; free physical = 41285 ; free virtual = 58846

Phase 3.6 Re-assign LUT pins
Phase 3.6 Re-assign LUT pins | Checksum: 2192e88f5

Time (s): cpu = 00:01:03 ; elapsed = 00:00:27 . Memory (MB): peak = 3144.980 ; gain = 0.000 ; free physical = 41286 ; free virtual = 58847

Phase 3.7 Pipeline Register Optimization
Phase 3.7 Pipeline Register Optimization | Checksum: 202cb2bef

Time (s): cpu = 00:01:03 ; elapsed = 00:00:27 . Memory (MB): peak = 3144.980 ; gain = 0.000 ; free physical = 41286 ; free virtual = 58847
Phase 3 Detail Placement | Checksum: 202cb2bef

Time (s): cpu = 00:01:04 ; elapsed = 00:00:27 . Memory (MB): peak = 3144.980 ; gain = 0.000 ; free physical = 41286 ; free virtual = 58847

Phase 4 Post Placement Optimization and Clean-Up

Phase 4.1 Post Commit Optimization
INFO: [Timing 38-35] Done setting XDC timing constraints.

Phase 4.1.1 Post Placement Optimization
Post Placement Optimization Initialization | Checksum: 16a79c529

Phase 4.1.1.1 BUFG Insertion
INFO: [Place 46-33] Processed net xdma_0_i/inst/udma_wrapper/dma_top/dma_pcie_req/dma_pcie_rc/u_dma_rc_mem_pfch/user_rst_n_3ff_reg[0], BUFG insertion was skipped due to placement/routing conflicts.
INFO: [Place 46-46] BUFG insertion identified 1 candidate nets, 0 success, 0 bufg driver replicated, 1 skipped for placement/routing, 0 skipped for timing, 0 skipped for netlist change reason
Phase 4.1.1.1 BUFG Insertion | Checksum: 16a79c529

Time (s): cpu = 00:01:11 ; elapsed = 00:00:30 . Memory (MB): peak = 3144.980 ; gain = 0.000 ; free physical = 41284 ; free virtual = 58845
INFO: [Place 30-746] Post Placement Timing Summary WNS=0.732. For the most accurate timing information please run report_timing.
Phase 4.1.1 Post Placement Optimization | Checksum: 146d1289c

Time (s): cpu = 00:01:11 ; elapsed = 00:00:30 . Memory (MB): peak = 3144.980 ; gain = 0.000 ; free physical = 41283 ; free virtual = 58844
Phase 4.1 Post Commit Optimization | Checksum: 146d1289c

Time (s): cpu = 00:01:12 ; elapsed = 00:00:30 . Memory (MB): peak = 3144.980 ; gain = 0.000 ; free physical = 41283 ; free virtual = 58844

Phase 4.2 Post Placement Cleanup
Phase 4.2 Post Placement Cleanup | Checksum: 146d1289c

Time (s): cpu = 00:01:12 ; elapsed = 00:00:30 . Memory (MB): peak = 3144.980 ; gain = 0.000 ; free physical = 41285 ; free virtual = 58846

Phase 4.3 Placer Reporting
Phase 4.3 Placer Reporting | Checksum: 146d1289c

Time (s): cpu = 00:01:12 ; elapsed = 00:00:30 . Memory (MB): peak = 3144.980 ; gain = 0.000 ; free physical = 41286 ; free virtual = 58848

Phase 4.4 Final Placement Cleanup
Netlist sorting complete. Time (s): cpu = 00:00:00.01 ; elapsed = 00:00:00 . Memory (MB): peak = 3144.980 ; gain = 0.000 ; free physical = 41286 ; free virtual = 58848
Phase 4.4 Final Placement Cleanup | Checksum: 1b5665929

Time (s): cpu = 00:01:12 ; elapsed = 00:00:30 . Memory (MB): peak = 3144.980 ; gain = 0.000 ; free physical = 41286 ; free virtual = 58848
Phase 4 Post Placement Optimization and Clean-Up | Checksum: 1b5665929

Time (s): cpu = 00:01:12 ; elapsed = 00:00:31 . Memory (MB): peak = 3144.980 ; gain = 0.000 ; free physical = 41286 ; free virtual = 58848
Ending Placer Task | Checksum: 171b681d8

Time (s): cpu = 00:01:12 ; elapsed = 00:00:31 . Memory (MB): peak = 3144.980 ; gain = 0.000 ; free physical = 41361 ; free virtual = 58922
INFO: [Common 17-83] Releasing license: Implementation
71 Infos, 22 Warnings, 0 Critical Warnings and 0 Errors encountered.
place_design completed successfully
place_design: Time (s): cpu = 00:01:15 ; elapsed = 00:00:32 . Memory (MB): peak = 3144.980 ; gain = 0.000 ; free physical = 41361 ; free virtual = 58922
Netlist sorting complete. Time (s): cpu = 00:00:00 ; elapsed = 00:00:00 . Memory (MB): peak = 3144.980 ; gain = 0.000 ; free physical = 41361 ; free virtual = 58922
INFO: [Timing 38-480] Writing timing data to binary archive.
Writing placer database...
Netlist sorting complete. Time (s): cpu = 00:00:00.01 ; elapsed = 00:00:00.01 . Memory (MB): peak = 3144.980 ; gain = 0.000 ; free physical = 41345 ; free virtual = 58922
Writing XDEF routing.
Writing XDEF routing logical nets.
Writing XDEF routing special nets.
Write XDEF Complete: Time (s): cpu = 00:00:03 ; elapsed = 00:00:00.97 . Memory (MB): peak = 3144.980 ; gain = 0.000 ; free physical = 41303 ; free virtual = 58913
INFO: [Common 17-1381] The checkpoint '/home/guocheng/soft/eda/xilinx/vivado/kc705/pcie_intrp_ex/xdma_0_ex/xdma_0_ex.runs/impl_1/xilinx_dma_pcie_ep_placed.dcp' has been generated.
write_checkpoint: Time (s): cpu = 00:00:07 ; elapsed = 00:00:06 . Memory (MB): peak = 3144.980 ; gain = 0.000 ; free physical = 41358 ; free virtual = 58931
INFO: [runtcl-4] Executing : report_io -file xilinx_dma_pcie_ep_io_placed.rpt
report_io: Time (s): cpu = 00:00:00.13 ; elapsed = 00:00:00.16 . Memory (MB): peak = 3144.980 ; gain = 0.000 ; free physical = 41339 ; free virtual = 58912
INFO: [runtcl-4] Executing : report_utilization -file xilinx_dma_pcie_ep_utilization_placed.rpt -pb xilinx_dma_pcie_ep_utilization_placed.pb
INFO: [runtcl-4] Executing : report_control_sets -verbose -file xilinx_dma_pcie_ep_control_sets_placed.rpt
report_control_sets: Time (s): cpu = 00:00:00.11 ; elapsed = 00:00:00.14 . Memory (MB): peak = 3144.980 ; gain = 0.000 ; free physical = 41358 ; free virtual = 58932
Command: route_design
Attempting to get a license for feature 'Implementation' and/or device 'xc7k325t'
INFO: [Common 17-349] Got license for feature 'Implementation' and/or device 'xc7k325t'
Running DRC as a precondition to command route_design
INFO: [DRC 23-27] Running DRC with 8 threads
INFO: [Vivado_Tcl 4-198] DRC finished with 0 Errors
INFO: [Vivado_Tcl 4-199] Please refer to the DRC report (report_drc) for more information.


Starting Routing Task
INFO: [Route 35-254] Multithreading enabled for route_design using a maximum of 8 CPUs
Checksum: PlaceDB: cca7be2f ConstDB: 0 ShapeSum: a50ec3a9 RouteDB: 0

Phase 1 Build RT Design
Phase 1 Build RT Design | Checksum: 4e128102

Time (s): cpu = 00:00:25 ; elapsed = 00:00:16 . Memory (MB): peak = 3144.980 ; gain = 0.000 ; free physical = 41097 ; free virtual = 58671
Post Restoration Checksum: NetGraph: 3538236e NumContArr: 18da5d94 Constraints: 0 Timing: 0

Phase 2 Router Initialization

Phase 2.1 Create Timer
Phase 2.1 Create Timer | Checksum: 4e128102

Time (s): cpu = 00:00:25 ; elapsed = 00:00:16 . Memory (MB): peak = 3144.980 ; gain = 0.000 ; free physical = 41074 ; free virtual = 58648

Phase 2.2 Fix Topology Constraints
Phase 2.2 Fix Topology Constraints | Checksum: 4e128102

Time (s): cpu = 00:00:25 ; elapsed = 00:00:16 . Memory (MB): peak = 3144.980 ; gain = 0.000 ; free physical = 41031 ; free virtual = 58605

Phase 2.3 Pre Route Cleanup
Phase 2.3 Pre Route Cleanup | Checksum: 4e128102

Time (s): cpu = 00:00:25 ; elapsed = 00:00:16 . Memory (MB): peak = 3144.980 ; gain = 0.000 ; free physical = 41031 ; free virtual = 58605
 Number of Nodes with overlaps = 0

Phase 2.4 Update Timing
Phase 2.4 Update Timing | Checksum: 1cf6dc24b

Time (s): cpu = 00:00:34 ; elapsed = 00:00:20 . Memory (MB): peak = 3144.980 ; gain = 0.000 ; free physical = 41012 ; free virtual = 58586
INFO: [Route 35-416] Intermediate Timing Summary | WNS=0.760  | TNS=0.000  | WHS=-0.474 | THS=-2645.092|

Phase 2 Router Initialization | Checksum: 1183ad0f9

Time (s): cpu = 00:00:39 ; elapsed = 00:00:21 . Memory (MB): peak = 3144.980 ; gain = 0.000 ; free physical = 41017 ; free virtual = 58591

Phase 3 Initial Routing
Phase 3 Initial Routing | Checksum: 1810e33a3

Time (s): cpu = 00:00:49 ; elapsed = 00:00:23 . Memory (MB): peak = 3144.980 ; gain = 0.000 ; free physical = 41013 ; free virtual = 58586

Phase 4 Rip-up And Reroute

Phase 4.1 Global Iteration 0
 Number of Nodes with overlaps = 2511
 Number of Nodes with overlaps = 59
 Number of Nodes with overlaps = 1
 Number of Nodes with overlaps = 0
INFO: [Route 35-416] Intermediate Timing Summary | WNS=0.943  | TNS=0.000  | WHS=N/A    | THS=N/A    |

Phase 4.1 Global Iteration 0 | Checksum: 1ac0d8e64

Time (s): cpu = 00:01:01 ; elapsed = 00:00:28 . Memory (MB): peak = 3144.980 ; gain = 0.000 ; free physical = 41014 ; free virtual = 58587
Phase 4 Rip-up And Reroute | Checksum: 1ac0d8e64

Time (s): cpu = 00:01:01 ; elapsed = 00:00:28 . Memory (MB): peak = 3144.980 ; gain = 0.000 ; free physical = 41014 ; free virtual = 58587

Phase 5 Delay and Skew Optimization

Phase 5.1 Delay CleanUp
Phase 5.1 Delay CleanUp | Checksum: 1ac0d8e64

Time (s): cpu = 00:01:01 ; elapsed = 00:00:28 . Memory (MB): peak = 3144.980 ; gain = 0.000 ; free physical = 41014 ; free virtual = 58587

Phase 5.2 Clock Skew Optimization
Phase 5.2 Clock Skew Optimization | Checksum: 1ac0d8e64

Time (s): cpu = 00:01:01 ; elapsed = 00:00:28 . Memory (MB): peak = 3144.980 ; gain = 0.000 ; free physical = 41014 ; free virtual = 58587
Phase 5 Delay and Skew Optimization | Checksum: 1ac0d8e64

Time (s): cpu = 00:01:01 ; elapsed = 00:00:29 . Memory (MB): peak = 3144.980 ; gain = 0.000 ; free physical = 41014 ; free virtual = 58587

Phase 6 Post Hold Fix

Phase 6.1 Hold Fix Iter

Phase 6.1.1 Update Timing
Phase 6.1.1 Update Timing | Checksum: 24daa1313

Time (s): cpu = 00:01:03 ; elapsed = 00:00:29 . Memory (MB): peak = 3144.980 ; gain = 0.000 ; free physical = 41015 ; free virtual = 58589
INFO: [Route 35-416] Intermediate Timing Summary | WNS=0.943  | TNS=0.000  | WHS=0.041  | THS=0.000  |

Phase 6.1 Hold Fix Iter | Checksum: 27e24cf56

Time (s): cpu = 00:01:03 ; elapsed = 00:00:29 . Memory (MB): peak = 3144.980 ; gain = 0.000 ; free physical = 41015 ; free virtual = 58589
Phase 6 Post Hold Fix | Checksum: 27e24cf56

Time (s): cpu = 00:01:03 ; elapsed = 00:00:29 . Memory (MB): peak = 3144.980 ; gain = 0.000 ; free physical = 41015 ; free virtual = 58589

Phase 7 Route finalize

Router Utilization Summary
  Global Vertical Routing Utilization    = 1.90877 %
  Global Horizontal Routing Utilization  = 2.32179 %
  Routable Net Status*
  *Does not include unroutable nets such as driverless and loadless.
  Run report_route_status for detailed report.
  Number of Failed Nets               = 0
  Number of Unrouted Nets             = 0
  Number of Partially Routed Nets     = 0
  Number of Node Overlaps             = 0

Phase 7 Route finalize | Checksum: 241591b6e

Time (s): cpu = 00:01:04 ; elapsed = 00:00:29 . Memory (MB): peak = 3144.980 ; gain = 0.000 ; free physical = 41015 ; free virtual = 58589

Phase 8 Verifying routed nets

 Verification completed successfully
Phase 8 Verifying routed nets | Checksum: 241591b6e

Time (s): cpu = 00:01:04 ; elapsed = 00:00:29 . Memory (MB): peak = 3144.980 ; gain = 0.000 ; free physical = 41015 ; free virtual = 58589

Phase 9 Depositing Routes
INFO: [Route 35-467] Router swapped GT pin xdma_0_i/inst/xdma_0_pcie2_to_pcie3_wrapper_i/pcie2_ip_i/inst/inst/gt_top_i/pipe_wrapper_i/pipe_lane[0].gt_wrapper_i/gtx_channel.gtxe2_channel_i/GTREFCLK0 to physical pin GTXE2_CHANNEL_X0Y7/GTNORTHREFCLK1
INFO: [Route 35-467] Router swapped GT pin xdma_0_i/inst/xdma_0_pcie2_to_pcie3_wrapper_i/pcie2_ip_i/inst/inst/gt_top_i/pipe_wrapper_i/pipe_lane[0].pipe_quad.gt_common_enabled.gt_common_int.gt_common_i/qpll_wrapper_i/gtx_common.gtxe2_common_i/GTREFCLK0 to physical pin GTXE2_COMMON_X0Y1/GTNORTHREFCLK1
Phase 9 Depositing Routes | Checksum: 193f4c1c0

Time (s): cpu = 00:01:05 ; elapsed = 00:00:31 . Memory (MB): peak = 3144.980 ; gain = 0.000 ; free physical = 41015 ; free virtual = 58588

Phase 10 Post Router Timing
INFO: [Route 35-57] Estimated Timing Summary | WNS=0.943  | TNS=0.000  | WHS=0.041  | THS=0.000  |

INFO: [Route 35-327] The final timing numbers are based on the router estimated timing analysis. For a complete and accurate timing signoff, please run report_timing_summary.
Phase 10 Post Router Timing | Checksum: 193f4c1c0

Time (s): cpu = 00:01:05 ; elapsed = 00:00:31 . Memory (MB): peak = 3144.980 ; gain = 0.000 ; free physical = 41015 ; free virtual = 58588
INFO: [Route 35-16] Router Completed Successfully

Time (s): cpu = 00:01:05 ; elapsed = 00:00:31 . Memory (MB): peak = 3144.980 ; gain = 0.000 ; free physical = 41080 ; free virtual = 58654

Routing Is Done.
INFO: [Common 17-83] Releasing license: Implementation
90 Infos, 22 Warnings, 0 Critical Warnings and 0 Errors encountered.
route_design completed successfully
route_design: Time (s): cpu = 00:01:08 ; elapsed = 00:00:32 . Memory (MB): peak = 3144.980 ; gain = 0.000 ; free physical = 41080 ; free virtual = 58654
Netlist sorting complete. Time (s): cpu = 00:00:00.01 ; elapsed = 00:00:00 . Memory (MB): peak = 3144.980 ; gain = 0.000 ; free physical = 41080 ; free virtual = 58654
INFO: [Timing 38-480] Writing timing data to binary archive.
Writing placer database...
Netlist sorting complete. Time (s): cpu = 00:00:00.01 ; elapsed = 00:00:00 . Memory (MB): peak = 3144.980 ; gain = 0.000 ; free physical = 41068 ; free virtual = 58657
Writing XDEF routing.
Writing XDEF routing logical nets.
Writing XDEF routing special nets.
Write XDEF Complete: Time (s): cpu = 00:00:03 ; elapsed = 00:00:01 . Memory (MB): peak = 3144.980 ; gain = 0.000 ; free physical = 41021 ; free virtual = 58654
INFO: [Common 17-1381] The checkpoint '/home/guocheng/soft/eda/xilinx/vivado/kc705/pcie_intrp_ex/xdma_0_ex/xdma_0_ex.runs/impl_1/xilinx_dma_pcie_ep_routed.dcp' has been generated.
write_checkpoint: Time (s): cpu = 00:00:07 ; elapsed = 00:00:06 . Memory (MB): peak = 3144.980 ; gain = 0.000 ; free physical = 41069 ; free virtual = 58658
INFO: [runtcl-4] Executing : report_drc -file xilinx_dma_pcie_ep_drc_routed.rpt -pb xilinx_dma_pcie_ep_drc_routed.pb -rpx xilinx_dma_pcie_ep_drc_routed.rpx
Command: report_drc -file xilinx_dma_pcie_ep_drc_routed.rpt -pb xilinx_dma_pcie_ep_drc_routed.pb -rpx xilinx_dma_pcie_ep_drc_routed.rpx
INFO: [IP_Flow 19-1839] IP Catalog is up to date.
INFO: [DRC 23-27] Running DRC with 8 threads
INFO: [Coretcl 2-168] The results of DRC are in file /home/guocheng/soft/eda/xilinx/vivado/kc705/pcie_intrp_ex/xdma_0_ex/xdma_0_ex.runs/impl_1/xilinx_dma_pcie_ep_drc_routed.rpt.
report_drc completed successfully
INFO: [runtcl-4] Executing : report_methodology -file xilinx_dma_pcie_ep_methodology_drc_routed.rpt -pb xilinx_dma_pcie_ep_methodology_drc_routed.pb -rpx xilinx_dma_pcie_ep_methodology_drc_routed.rpx
Command: report_methodology -file xilinx_dma_pcie_ep_methodology_drc_routed.rpt -pb xilinx_dma_pcie_ep_methodology_drc_routed.pb -rpx xilinx_dma_pcie_ep_methodology_drc_routed.rpx
INFO: [Timing 38-35] Done setting XDC timing constraints.
INFO: [DRC 23-133] Running Methodology with 8 threads
INFO: [Coretcl 2-1520] The results of Report Methodology are in file /home/guocheng/soft/eda/xilinx/vivado/kc705/pcie_intrp_ex/xdma_0_ex/xdma_0_ex.runs/impl_1/xilinx_dma_pcie_ep_methodology_drc_routed.rpt.
report_methodology completed successfully
INFO: [runtcl-4] Executing : report_power -file xilinx_dma_pcie_ep_power_routed.rpt -pb xilinx_dma_pcie_ep_power_summary_routed.pb -rpx xilinx_dma_pcie_ep_power_routed.rpx
Command: report_power -file xilinx_dma_pcie_ep_power_routed.rpt -pb xilinx_dma_pcie_ep_power_summary_routed.pb -rpx xilinx_dma_pcie_ep_power_routed.rpx
INFO: [Timing 38-35] Done setting XDC timing constraints.
Running Vector-less Activity Propagation...

Finished Running Vector-less Activity Propagation
WARNING: [Power 33-332] Found switching activity that implies high-fanout reset nets being asserted for excessive periods of time which may result in inaccurate power analysis.
Resolution: To review and fix problems, please run Power Constraints Advisor in the GUI from Tools > Power Constraints Advisor or run report_power with the -advisory option to generate a text report.
102 Infos, 23 Warnings, 0 Critical Warnings and 0 Errors encountered.
report_power completed successfully
INFO: [runtcl-4] Executing : report_route_status -file xilinx_dma_pcie_ep_route_status.rpt -pb xilinx_dma_pcie_ep_route_status.pb
INFO: [runtcl-4] Executing : report_timing_summary -max_paths 10 -file xilinx_dma_pcie_ep_timing_summary_routed.rpt -pb xilinx_dma_pcie_ep_timing_summary_routed.pb -rpx xilinx_dma_pcie_ep_timing_summary_routed.rpx -warn_on_violation 
INFO: [Timing 38-91] UpdateTimingParams: Speed grade: -2, Delay Type: min_max.
INFO: [Timing 38-191] Multithreading enabled for timing update using a maximum of 8 CPUs
INFO: [runtcl-4] Executing : report_incremental_reuse -file xilinx_dma_pcie_ep_incremental_reuse_routed.rpt
INFO: [Vivado_Tcl 4-1062] Incremental flow is disabled. No incremental reuse Info to report.
INFO: [runtcl-4] Executing : report_clock_utilization -file xilinx_dma_pcie_ep_clock_utilization_routed.rpt
INFO: [runtcl-4] Executing : report_bus_skew -warn_on_violation -file xilinx_dma_pcie_ep_bus_skew_routed.rpt -pb xilinx_dma_pcie_ep_bus_skew_routed.pb -rpx xilinx_dma_pcie_ep_bus_skew_routed.rpx
INFO: [Timing 38-91] UpdateTimingParams: Speed grade: -2, Delay Type: min_max.
INFO: [Timing 38-191] Multithreading enabled for timing update using a maximum of 8 CPUs
Command: write_bitstream -force xilinx_dma_pcie_ep.bit
Attempting to get a license for feature 'Implementation' and/or device 'xc7k325t'
INFO: [Common 17-349] Got license for feature 'Implementation' and/or device 'xc7k325t'
Running DRC as a precondition to command write_bitstream
INFO: [IP_Flow 19-1839] IP Catalog is up to date.
INFO: [DRC 23-27] Running DRC with 8 threads
WARNING: [DRC CFGBVS-1] Missing CFGBVS and CONFIG_VOLTAGE Design Properties: Neither the CFGBVS nor CONFIG_VOLTAGE voltage property is set in the current_design.  Configuration bank voltage select (CFGBVS) must be set to VCCO or GND, and CONFIG_VOLTAGE must be set to the correct configuration voltage, in order to determine the I/O voltage support for the pins in bank 0.  It is suggested to specify these either using the 'Edit Device Properties' function in the GUI or directly in the XDC file using the following syntax:

 set_property CFGBVS value1 [current_design]
 #where value1 is either VCCO or GND

 set_property CONFIG_VOLTAGE value2 [current_design]
 #where value2 is the voltage provided to configuration bank 0

Refer to the device configuration user guide for more information.
WARNING: [DRC CHECK-3] Report rule limit reached: REQP-1839 rule limit reached: 20 violations have been found.
WARNING: [DRC REQP-1839] RAMB36 async control check: The RAMB36E1 xdma_0_i/inst/ram_top/MASTER_READ_BRAM/genblk1[0].u_buffermem/U0/inst_blk_mem_gen/gnbram.gnativebmg.native_blk_mem_gen/valid.cstr/ramloop[0].ram.r/prim_noinit.ram/DEVICE_7SERIES.NO_BMM_INFO.SDP.WIDE_PRIM36_NO_ECC.ram has an input control pin xdma_0_i/inst/ram_top/MASTER_READ_BRAM/genblk1[0].u_buffermem/U0/inst_blk_mem_gen/gnbram.gnativebmg.native_blk_mem_gen/valid.cstr/ramloop[0].ram.r/prim_noinit.ram/DEVICE_7SERIES.NO_BMM_INFO.SDP.WIDE_PRIM36_NO_ECC.ram/ADDRARDADDR[10] (net: xdma_0_i/inst/ram_top/MASTER_READ_BRAM/genblk1[0].u_buffermem/U0/inst_blk_mem_gen/gnbram.gnativebmg.native_blk_mem_gen/valid.cstr/ramloop[0].ram.r/prim_noinit.ram/addrb[4]) which is driven by a register (xdma_0_i/inst/xdma_0_pcie2_to_pcie3_wrapper_i/pcie2_ip_i/inst/inst/user_reset_out_reg) that has an active asychronous set or reset. This may cause corruption of the memory contents and/or read values when the set/reset is asserted and is not analyzed by the default static timing analysis. It is suggested to eliminate the use of a set/reset to registers driving this RAMB pin or else use a synchronous reset in which the assertion of the reset is timed by default.
WARNING: [DRC REQP-1839] RAMB36 async control check: The RAMB36E1 xdma_0_i/inst/ram_top/MASTER_READ_BRAM/genblk1[0].u_buffermem/U0/inst_blk_mem_gen/gnbram.gnativebmg.native_blk_mem_gen/valid.cstr/ramloop[0].ram.r/prim_noinit.ram/DEVICE_7SERIES.NO_BMM_INFO.SDP.WIDE_PRIM36_NO_ECC.ram has an input control pin xdma_0_i/inst/ram_top/MASTER_READ_BRAM/genblk1[0].u_buffermem/U0/inst_blk_mem_gen/gnbram.gnativebmg.native_blk_mem_gen/valid.cstr/ramloop[0].ram.r/prim_noinit.ram/DEVICE_7SERIES.NO_BMM_INFO.SDP.WIDE_PRIM36_NO_ECC.ram/ADDRARDADDR[11] (net: xdma_0_i/inst/ram_top/MASTER_READ_BRAM/genblk1[0].u_buffermem/U0/inst_blk_mem_gen/gnbram.gnativebmg.native_blk_mem_gen/valid.cstr/ramloop[0].ram.r/prim_noinit.ram/addrb[5]) which is driven by a register (xdma_0_i/inst/xdma_0_pcie2_to_pcie3_wrapper_i/pcie2_ip_i/inst/inst/user_reset_out_reg) that has an active asychronous set or reset. This may cause corruption of the memory contents and/or read values when the set/reset is asserted and is not analyzed by the default static timing analysis. It is suggested to eliminate the use of a set/reset to registers driving this RAMB pin or else use a synchronous reset in which the assertion of the reset is timed by default.
WARNING: [DRC REQP-1839] RAMB36 async control check: The RAMB36E1 xdma_0_i/inst/ram_top/MASTER_READ_BRAM/genblk1[0].u_buffermem/U0/inst_blk_mem_gen/gnbram.gnativebmg.native_blk_mem_gen/valid.cstr/ramloop[0].ram.r/prim_noinit.ram/DEVICE_7SERIES.NO_BMM_INFO.SDP.WIDE_PRIM36_NO_ECC.ram has an input control pin xdma_0_i/inst/ram_top/MASTER_READ_BRAM/genblk1[0].u_buffermem/U0/inst_blk_mem_gen/gnbram.gnativebmg.native_blk_mem_gen/valid.cstr/ramloop[0].ram.r/prim_noinit.ram/DEVICE_7SERIES.NO_BMM_INFO.SDP.WIDE_PRIM36_NO_ECC.ram/ADDRARDADDR[12] (net: xdma_0_i/inst/ram_top/MASTER_READ_BRAM/genblk1[0].u_buffermem/U0/inst_blk_mem_gen/gnbram.gnativebmg.native_blk_mem_gen/valid.cstr/ramloop[0].ram.r/prim_noinit.ram/addrb[6]) which is driven by a register (xdma_0_i/inst/xdma_0_pcie2_to_pcie3_wrapper_i/pcie2_ip_i/inst/inst/user_reset_out_reg) that has an active asychronous set or reset. This may cause corruption of the memory contents and/or read values when the set/reset is asserted and is not analyzed by the default static timing analysis. It is suggested to eliminate the use of a set/reset to registers driving this RAMB pin or else use a synchronous reset in which the assertion of the reset is timed by default.
WARNING: [DRC REQP-1839] RAMB36 async control check: The RAMB36E1 xdma_0_i/inst/ram_top/MASTER_READ_BRAM/genblk1[0].u_buffermem/U0/inst_blk_mem_gen/gnbram.gnativebmg.native_blk_mem_gen/valid.cstr/ramloop[0].ram.r/prim_noinit.ram/DEVICE_7SERIES.NO_BMM_INFO.SDP.WIDE_PRIM36_NO_ECC.ram has an input control pin xdma_0_i/inst/ram_top/MASTER_READ_BRAM/genblk1[0].u_buffermem/U0/inst_blk_mem_gen/gnbram.gnativebmg.native_blk_mem_gen/valid.cstr/ramloop[0].ram.r/prim_noinit.ram/DEVICE_7SERIES.NO_BMM_INFO.SDP.WIDE_PRIM36_NO_ECC.ram/ADDRARDADDR[13] (net: xdma_0_i/inst/ram_top/MASTER_READ_BRAM/genblk1[0].u_buffermem/U0/inst_blk_mem_gen/gnbram.gnativebmg.native_blk_mem_gen/valid.cstr/ramloop[0].ram.r/prim_noinit.ram/addrb[7]) which is driven by a register (xdma_0_i/inst/xdma_0_pcie2_to_pcie3_wrapper_i/pcie2_ip_i/inst/inst/user_reset_out_reg) that has an active asychronous set or reset. This may cause corruption of the memory contents and/or read values when the set/reset is asserted and is not analyzed by the default static timing analysis. It is suggested to eliminate the use of a set/reset to registers driving this RAMB pin or else use a synchronous reset in which the assertion of the reset is timed by default.
WARNING: [DRC REQP-1839] RAMB36 async control check: The RAMB36E1 xdma_0_i/inst/ram_top/MASTER_READ_BRAM/genblk1[0].u_buffermem/U0/inst_blk_mem_gen/gnbram.gnativebmg.native_blk_mem_gen/valid.cstr/ramloop[0].ram.r/prim_noinit.ram/DEVICE_7SERIES.NO_BMM_INFO.SDP.WIDE_PRIM36_NO_ECC.ram has an input control pin xdma_0_i/inst/ram_top/MASTER_READ_BRAM/genblk1[0].u_buffermem/U0/inst_blk_mem_gen/gnbram.gnativebmg.native_blk_mem_gen/valid.cstr/ramloop[0].ram.r/prim_noinit.ram/DEVICE_7SERIES.NO_BMM_INFO.SDP.WIDE_PRIM36_NO_ECC.ram/ADDRARDADDR[14] (net: xdma_0_i/inst/ram_top/MASTER_READ_BRAM/genblk1[0].u_buffermem/U0/inst_blk_mem_gen/gnbram.gnativebmg.native_blk_mem_gen/valid.cstr/ramloop[0].ram.r/prim_noinit.ram/addrb[8]) which is driven by a register (xdma_0_i/inst/xdma_0_pcie2_to_pcie3_wrapper_i/pcie2_ip_i/inst/inst/user_reset_out_reg) that has an active asychronous set or reset. This may cause corruption of the memory contents and/or read values when the set/reset is asserted and is not analyzed by the default static timing analysis. It is suggested to eliminate the use of a set/reset to registers driving this RAMB pin or else use a synchronous reset in which the assertion of the reset is timed by default.
WARNING: [DRC REQP-1839] RAMB36 async control check: The RAMB36E1 xdma_0_i/inst/ram_top/MASTER_READ_BRAM/genblk1[0].u_buffermem/U0/inst_blk_mem_gen/gnbram.gnativebmg.native_blk_mem_gen/valid.cstr/ramloop[0].ram.r/prim_noinit.ram/DEVICE_7SERIES.NO_BMM_INFO.SDP.WIDE_PRIM36_NO_ECC.ram has an input control pin xdma_0_i/inst/ram_top/MASTER_READ_BRAM/genblk1[0].u_buffermem/U0/inst_blk_mem_gen/gnbram.gnativebmg.native_blk_mem_gen/valid.cstr/ramloop[0].ram.r/prim_noinit.ram/DEVICE_7SERIES.NO_BMM_INFO.SDP.WIDE_PRIM36_NO_ECC.ram/ADDRARDADDR[6] (net: xdma_0_i/inst/ram_top/MASTER_READ_BRAM/genblk1[0].u_buffermem/U0/inst_blk_mem_gen/gnbram.gnativebmg.native_blk_mem_gen/valid.cstr/ramloop[0].ram.r/prim_noinit.ram/addrb[0]) which is driven by a register (xdma_0_i/inst/xdma_0_pcie2_to_pcie3_wrapper_i/pcie2_ip_i/inst/inst/user_reset_out_reg) that has an active asychronous set or reset. This may cause corruption of the memory contents and/or read values when the set/reset is asserted and is not analyzed by the default static timing analysis. It is suggested to eliminate the use of a set/reset to registers driving this RAMB pin or else use a synchronous reset in which the assertion of the reset is timed by default.
WARNING: [DRC REQP-1839] RAMB36 async control check: The RAMB36E1 xdma_0_i/inst/ram_top/MASTER_READ_BRAM/genblk1[0].u_buffermem/U0/inst_blk_mem_gen/gnbram.gnativebmg.native_blk_mem_gen/valid.cstr/ramloop[0].ram.r/prim_noinit.ram/DEVICE_7SERIES.NO_BMM_INFO.SDP.WIDE_PRIM36_NO_ECC.ram has an input control pin xdma_0_i/inst/ram_top/MASTER_READ_BRAM/genblk1[0].u_buffermem/U0/inst_blk_mem_gen/gnbram.gnativebmg.native_blk_mem_gen/valid.cstr/ramloop[0].ram.r/prim_noinit.ram/DEVICE_7SERIES.NO_BMM_INFO.SDP.WIDE_PRIM36_NO_ECC.ram/ADDRARDADDR[7] (net: xdma_0_i/inst/ram_top/MASTER_READ_BRAM/genblk1[0].u_buffermem/U0/inst_blk_mem_gen/gnbram.gnativebmg.native_blk_mem_gen/valid.cstr/ramloop[0].ram.r/prim_noinit.ram/addrb[1]) which is driven by a register (xdma_0_i/inst/xdma_0_pcie2_to_pcie3_wrapper_i/pcie2_ip_i/inst/inst/user_reset_out_reg) that has an active asychronous set or reset. This may cause corruption of the memory contents and/or read values when the set/reset is asserted and is not analyzed by the default static timing analysis. It is suggested to eliminate the use of a set/reset to registers driving this RAMB pin or else use a synchronous reset in which the assertion of the reset is timed by default.
WARNING: [DRC REQP-1839] RAMB36 async control check: The RAMB36E1 xdma_0_i/inst/ram_top/MASTER_READ_BRAM/genblk1[0].u_buffermem/U0/inst_blk_mem_gen/gnbram.gnativebmg.native_blk_mem_gen/valid.cstr/ramloop[0].ram.r/prim_noinit.ram/DEVICE_7SERIES.NO_BMM_INFO.SDP.WIDE_PRIM36_NO_ECC.ram has an input control pin xdma_0_i/inst/ram_top/MASTER_READ_BRAM/genblk1[0].u_buffermem/U0/inst_blk_mem_gen/gnbram.gnativebmg.native_blk_mem_gen/valid.cstr/ramloop[0].ram.r/prim_noinit.ram/DEVICE_7SERIES.NO_BMM_INFO.SDP.WIDE_PRIM36_NO_ECC.ram/ADDRARDADDR[8] (net: xdma_0_i/inst/ram_top/MASTER_READ_BRAM/genblk1[0].u_buffermem/U0/inst_blk_mem_gen/gnbram.gnativebmg.native_blk_mem_gen/valid.cstr/ramloop[0].ram.r/prim_noinit.ram/addrb[2]) which is driven by a register (xdma_0_i/inst/xdma_0_pcie2_to_pcie3_wrapper_i/pcie2_ip_i/inst/inst/user_reset_out_reg) that has an active asychronous set or reset. This may cause corruption of the memory contents and/or read values when the set/reset is asserted and is not analyzed by the default static timing analysis. It is suggested to eliminate the use of a set/reset to registers driving this RAMB pin or else use a synchronous reset in which the assertion of the reset is timed by default.
WARNING: [DRC REQP-1839] RAMB36 async control check: The RAMB36E1 xdma_0_i/inst/ram_top/MASTER_READ_BRAM/genblk1[0].u_buffermem/U0/inst_blk_mem_gen/gnbram.gnativebmg.native_blk_mem_gen/valid.cstr/ramloop[0].ram.r/prim_noinit.ram/DEVICE_7SERIES.NO_BMM_INFO.SDP.WIDE_PRIM36_NO_ECC.ram has an input control pin xdma_0_i/inst/ram_top/MASTER_READ_BRAM/genblk1[0].u_buffermem/U0/inst_blk_mem_gen/gnbram.gnativebmg.native_blk_mem_gen/valid.cstr/ramloop[0].ram.r/prim_noinit.ram/DEVICE_7SERIES.NO_BMM_INFO.SDP.WIDE_PRIM36_NO_ECC.ram/ADDRARDADDR[9] (net: xdma_0_i/inst/ram_top/MASTER_READ_BRAM/genblk1[0].u_buffermem/U0/inst_blk_mem_gen/gnbram.gnativebmg.native_blk_mem_gen/valid.cstr/ramloop[0].ram.r/prim_noinit.ram/addrb[3]) which is driven by a register (xdma_0_i/inst/xdma_0_pcie2_to_pcie3_wrapper_i/pcie2_ip_i/inst/inst/user_reset_out_reg) that has an active asychronous set or reset. This may cause corruption of the memory contents and/or read values when the set/reset is asserted and is not analyzed by the default static timing analysis. It is suggested to eliminate the use of a set/reset to registers driving this RAMB pin or else use a synchronous reset in which the assertion of the reset is timed by default.
WARNING: [DRC REQP-1839] RAMB36 async control check: The RAMB36E1 xdma_0_i/inst/ram_top/MASTER_WRITE_FIFO/genblk1[0].u_buffermem/U0/inst_blk_mem_gen/gnbram.gnativebmg.native_blk_mem_gen/valid.cstr/ramloop[0].ram.r/prim_noinit.ram/DEVICE_7SERIES.NO_BMM_INFO.SDP.WIDE_PRIM36_NO_ECC.ram has an input control pin xdma_0_i/inst/ram_top/MASTER_WRITE_FIFO/genblk1[0].u_buffermem/U0/inst_blk_mem_gen/gnbram.gnativebmg.native_blk_mem_gen/valid.cstr/ramloop[0].ram.r/prim_noinit.ram/DEVICE_7SERIES.NO_BMM_INFO.SDP.WIDE_PRIM36_NO_ECC.ram/ENARDEN (net: xdma_0_i/inst/ram_top/MASTER_WRITE_FIFO/genblk1[0].u_buffermem/U0/inst_blk_mem_gen/gnbram.gnativebmg.native_blk_mem_gen/valid.cstr/ramloop[0].ram.r/prim_noinit.ram/pwropt) which is driven by a register (xdma_0_i/inst/udma_wrapper/dma_top/user_rst_n_2ff_reg[1]) that has an active asychronous set or reset. This may cause corruption of the memory contents and/or read values when the set/reset is asserted and is not analyzed by the default static timing analysis. It is suggested to eliminate the use of a set/reset to registers driving this RAMB pin or else use a synchronous reset in which the assertion of the reset is timed by default.
WARNING: [DRC REQP-1839] RAMB36 async control check: The RAMB36E1 xdma_0_i/inst/udma_wrapper/dma_top/dma_enable.vul_dma/RD/gen_rdwr_loop[0].gen_rdwr_eng.RDWR_INST/rrq_wadr_nn1_reg has an input control pin xdma_0_i/inst/udma_wrapper/dma_top/dma_enable.vul_dma/RD/gen_rdwr_loop[0].gen_rdwr_eng.RDWR_INST/rrq_wadr_nn1_reg/RSTRAMARSTRAM (net: xdma_0_i/inst/udma_wrapper/dma_top/dma_enable.vul_dma/RD/gen_rdwr_loop[0].gen_rdwr_eng.RDWR_INST/rrq_wadr_nn1_reg_0) which is driven by a register (xdma_0_i/inst/udma_wrapper/dma_top/dma_enable.vul_dma/pcie_h2c_rst_3ff_reg[0]_rep__5) that has an active asychronous set or reset. This may cause corruption of the memory contents and/or read values when the set/reset is asserted and is not analyzed by the default static timing analysis. It is suggested to eliminate the use of a set/reset to registers driving this RAMB pin or else use a synchronous reset in which the assertion of the reset is timed by default.
WARNING: [DRC REQP-1839] RAMB36 async control check: The RAMB36E1 xdma_0_i/inst/udma_wrapper/dma_top/dma_enable.vul_dma/RD/gen_rdwr_loop[1].gen_rdwr_eng.RDWR_INST/rrq_wadr_nn1_reg has an input control pin xdma_0_i/inst/udma_wrapper/dma_top/dma_enable.vul_dma/RD/gen_rdwr_loop[1].gen_rdwr_eng.RDWR_INST/rrq_wadr_nn1_reg/RSTRAMARSTRAM (net: xdma_0_i/inst/udma_wrapper/dma_top/dma_enable.vul_dma/RD/gen_rdwr_loop[1].gen_rdwr_eng.RDWR_INST/rrq_wadr_nn1_reg_0) which is driven by a register (xdma_0_i/inst/udma_wrapper/dma_top/dma_enable.vul_dma/pcie_h2c_rst_3ff_reg[1]_rep__5) that has an active asychronous set or reset. This may cause corruption of the memory contents and/or read values when the set/reset is asserted and is not analyzed by the default static timing analysis. It is suggested to eliminate the use of a set/reset to registers driving this RAMB pin or else use a synchronous reset in which the assertion of the reset is timed by default.
WARNING: [DRC REQP-1839] RAMB36 async control check: The RAMB36E1 xdma_0_i/inst/udma_wrapper/dma_top/dma_enable.vul_dma/WR/gen_rdwr_loop[0].gen_rdwr_eng.RDWR_INST/rrq_wadr_nn1_reg has an input control pin xdma_0_i/inst/udma_wrapper/dma_top/dma_enable.vul_dma/WR/gen_rdwr_loop[0].gen_rdwr_eng.RDWR_INST/rrq_wadr_nn1_reg/RSTRAMARSTRAM (net: xdma_0_i/inst/udma_wrapper/dma_top/dma_enable.vul_dma/WR/gen_rdwr_loop[0].gen_rdwr_eng.RDWR_INST/rrq_wadr_nn1_reg_0) which is driven by a register (xdma_0_i/inst/udma_wrapper/dma_top/dma_enable.vul_dma/pcie_c2h_rst_3ff_reg[0]_rep__5) that has an active asychronous set or reset. This may cause corruption of the memory contents and/or read values when the set/reset is asserted and is not analyzed by the default static timing analysis. It is suggested to eliminate the use of a set/reset to registers driving this RAMB pin or else use a synchronous reset in which the assertion of the reset is timed by default.
WARNING: [DRC REQP-1839] RAMB36 async control check: The RAMB36E1 xdma_0_i/inst/udma_wrapper/dma_top/dma_enable.vul_dma/WR/gen_rdwr_loop[1].gen_rdwr_eng.RDWR_INST/rrq_wadr_nn1_reg has an input control pin xdma_0_i/inst/udma_wrapper/dma_top/dma_enable.vul_dma/WR/gen_rdwr_loop[1].gen_rdwr_eng.RDWR_INST/rrq_wadr_nn1_reg/RSTRAMARSTRAM (net: xdma_0_i/inst/udma_wrapper/dma_top/dma_enable.vul_dma/WR/gen_rdwr_loop[1].gen_rdwr_eng.RDWR_INST/rrq_wadr_nn1_reg_0) which is driven by a register (xdma_0_i/inst/udma_wrapper/dma_top/dma_enable.vul_dma/pcie_c2h_rst_3ff_reg[1]_rep__5) that has an active asychronous set or reset. This may cause corruption of the memory contents and/or read values when the set/reset is asserted and is not analyzed by the default static timing analysis. It is suggested to eliminate the use of a set/reset to registers driving this RAMB pin or else use a synchronous reset in which the assertion of the reset is timed by default.
WARNING: [DRC REQP-1839] RAMB36 async control check: The RAMB36E1 xdma_0_i/inst/xdma_0_pcie2_to_pcie3_wrapper_i/pcie2_ip_i/inst/inst/pcie_top_i/pcie_7x_i/pcie_bram_top/pcie_brams_rx/brams[0].ram/use_tdp.ramb36/genblk5_0.bram36_tdp_bl.bram36_tdp_bl has an input control pin xdma_0_i/inst/xdma_0_pcie2_to_pcie3_wrapper_i/pcie2_ip_i/inst/inst/pcie_top_i/pcie_7x_i/pcie_bram_top/pcie_brams_rx/brams[0].ram/use_tdp.ramb36/genblk5_0.bram36_tdp_bl.bram36_tdp_bl/ADDRARDADDR[10] (net: xdma_0_i/inst/xdma_0_pcie2_to_pcie3_wrapper_i/pcie2_ip_i/inst/inst/pcie_top_i/pcie_7x_i/pcie_bram_top/pcie_brams_rx/brams[0].ram/use_tdp.ramb36/MIMRXWADDR[6]) which is driven by a register (xdma_0_i/inst/xdma_0_pcie2_to_pcie3_wrapper_i/xdma_0_axi_stream_intf_i/xdma_0_rx_demux_i/tgt_brdg_fifo_inst/U0/inst_fifo_gen/gaxis_fifo.gaxisf.axisf/grf.rf/gntv_or_sync_fifo.gl0.wr/gwss.gpf.wrpf/gpfs.prog_full_i_reg) that has an active asychronous set or reset. This may cause corruption of the memory contents and/or read values when the set/reset is asserted and is not analyzed by the default static timing analysis. It is suggested to eliminate the use of a set/reset to registers driving this RAMB pin or else use a synchronous reset in which the assertion of the reset is timed by default.
WARNING: [DRC REQP-1839] RAMB36 async control check: The RAMB36E1 xdma_0_i/inst/xdma_0_pcie2_to_pcie3_wrapper_i/pcie2_ip_i/inst/inst/pcie_top_i/pcie_7x_i/pcie_bram_top/pcie_brams_rx/brams[0].ram/use_tdp.ramb36/genblk5_0.bram36_tdp_bl.bram36_tdp_bl has an input control pin xdma_0_i/inst/xdma_0_pcie2_to_pcie3_wrapper_i/pcie2_ip_i/inst/inst/pcie_top_i/pcie_7x_i/pcie_bram_top/pcie_brams_rx/brams[0].ram/use_tdp.ramb36/genblk5_0.bram36_tdp_bl.bram36_tdp_bl/ADDRARDADDR[11] (net: xdma_0_i/inst/xdma_0_pcie2_to_pcie3_wrapper_i/pcie2_ip_i/inst/inst/pcie_top_i/pcie_7x_i/pcie_bram_top/pcie_brams_rx/brams[0].ram/use_tdp.ramb36/MIMRXWADDR[7]) which is driven by a register (xdma_0_i/inst/xdma_0_pcie2_to_pcie3_wrapper_i/xdma_0_axi_stream_intf_i/xdma_0_rx_demux_i/tgt_brdg_fifo_inst/U0/inst_fifo_gen/gaxis_fifo.gaxisf.axisf/grf.rf/gntv_or_sync_fifo.gl0.wr/gwss.gpf.wrpf/gpfs.prog_full_i_reg) that has an active asychronous set or reset. This may cause corruption of the memory contents and/or read values when the set/reset is asserted and is not analyzed by the default static timing analysis. It is suggested to eliminate the use of a set/reset to registers driving this RAMB pin or else use a synchronous reset in which the assertion of the reset is timed by default.
WARNING: [DRC REQP-1839] RAMB36 async control check: The RAMB36E1 xdma_0_i/inst/xdma_0_pcie2_to_pcie3_wrapper_i/pcie2_ip_i/inst/inst/pcie_top_i/pcie_7x_i/pcie_bram_top/pcie_brams_rx/brams[0].ram/use_tdp.ramb36/genblk5_0.bram36_tdp_bl.bram36_tdp_bl has an input control pin xdma_0_i/inst/xdma_0_pcie2_to_pcie3_wrapper_i/pcie2_ip_i/inst/inst/pcie_top_i/pcie_7x_i/pcie_bram_top/pcie_brams_rx/brams[0].ram/use_tdp.ramb36/genblk5_0.bram36_tdp_bl.bram36_tdp_bl/ADDRARDADDR[12] (net: xdma_0_i/inst/xdma_0_pcie2_to_pcie3_wrapper_i/pcie2_ip_i/inst/inst/pcie_top_i/pcie_7x_i/pcie_bram_top/pcie_brams_rx/brams[0].ram/use_tdp.ramb36/MIMRXWADDR[8]) which is driven by a register (xdma_0_i/inst/xdma_0_pcie2_to_pcie3_wrapper_i/xdma_0_axi_stream_intf_i/xdma_0_rx_demux_i/tgt_brdg_fifo_inst/U0/inst_fifo_gen/gaxis_fifo.gaxisf.axisf/grf.rf/gntv_or_sync_fifo.gl0.wr/gwss.gpf.wrpf/gpfs.prog_full_i_reg) that has an active asychronous set or reset. This may cause corruption of the memory contents and/or read values when the set/reset is asserted and is not analyzed by the default static timing analysis. It is suggested to eliminate the use of a set/reset to registers driving this RAMB pin or else use a synchronous reset in which the assertion of the reset is timed by default.
WARNING: [DRC REQP-1839] RAMB36 async control check: The RAMB36E1 xdma_0_i/inst/xdma_0_pcie2_to_pcie3_wrapper_i/pcie2_ip_i/inst/inst/pcie_top_i/pcie_7x_i/pcie_bram_top/pcie_brams_rx/brams[0].ram/use_tdp.ramb36/genblk5_0.bram36_tdp_bl.bram36_tdp_bl has an input control pin xdma_0_i/inst/xdma_0_pcie2_to_pcie3_wrapper_i/pcie2_ip_i/inst/inst/pcie_top_i/pcie_7x_i/pcie_bram_top/pcie_brams_rx/brams[0].ram/use_tdp.ramb36/genblk5_0.bram36_tdp_bl.bram36_tdp_bl/ADDRARDADDR[13] (net: xdma_0_i/inst/xdma_0_pcie2_to_pcie3_wrapper_i/pcie2_ip_i/inst/inst/pcie_top_i/pcie_7x_i/pcie_bram_top/pcie_brams_rx/brams[0].ram/use_tdp.ramb36/MIMRXWADDR[9]) which is driven by a register (xdma_0_i/inst/xdma_0_pcie2_to_pcie3_wrapper_i/xdma_0_axi_stream_intf_i/xdma_0_rx_demux_i/tgt_brdg_fifo_inst/U0/inst_fifo_gen/gaxis_fifo.gaxisf.axisf/grf.rf/gntv_or_sync_fifo.gl0.wr/gwss.gpf.wrpf/gpfs.prog_full_i_reg) that has an active asychronous set or reset. This may cause corruption of the memory contents and/or read values when the set/reset is asserted and is not analyzed by the default static timing analysis. It is suggested to eliminate the use of a set/reset to registers driving this RAMB pin or else use a synchronous reset in which the assertion of the reset is timed by default.
WARNING: [DRC REQP-1839] RAMB36 async control check: The RAMB36E1 xdma_0_i/inst/xdma_0_pcie2_to_pcie3_wrapper_i/pcie2_ip_i/inst/inst/pcie_top_i/pcie_7x_i/pcie_bram_top/pcie_brams_rx/brams[0].ram/use_tdp.ramb36/genblk5_0.bram36_tdp_bl.bram36_tdp_bl has an input control pin xdma_0_i/inst/xdma_0_pcie2_to_pcie3_wrapper_i/pcie2_ip_i/inst/inst/pcie_top_i/pcie_7x_i/pcie_bram_top/pcie_brams_rx/brams[0].ram/use_tdp.ramb36/genblk5_0.bram36_tdp_bl.bram36_tdp_bl/ADDRARDADDR[14] (net: xdma_0_i/inst/xdma_0_pcie2_to_pcie3_wrapper_i/pcie2_ip_i/inst/inst/pcie_top_i/pcie_7x_i/pcie_bram_top/pcie_brams_rx/brams[0].ram/use_tdp.ramb36/MIMRXWADDR[10]) which is driven by a register (xdma_0_i/inst/xdma_0_pcie2_to_pcie3_wrapper_i/xdma_0_axi_stream_intf_i/xdma_0_rx_demux_i/tgt_brdg_fifo_inst/U0/inst_fifo_gen/gaxis_fifo.gaxisf.axisf/grf.rf/gntv_or_sync_fifo.gl0.wr/gwss.gpf.wrpf/gpfs.prog_full_i_reg) that has an active asychronous set or reset. This may cause corruption of the memory contents and/or read values when the set/reset is asserted and is not analyzed by the default static timing analysis. It is suggested to eliminate the use of a set/reset to registers driving this RAMB pin or else use a synchronous reset in which the assertion of the reset is timed by default.
WARNING: [DRC REQP-1839] RAMB36 async control check: The RAMB36E1 xdma_0_i/inst/xdma_0_pcie2_to_pcie3_wrapper_i/pcie2_ip_i/inst/inst/pcie_top_i/pcie_7x_i/pcie_bram_top/pcie_brams_rx/brams[0].ram/use_tdp.ramb36/genblk5_0.bram36_tdp_bl.bram36_tdp_bl has an input control pin xdma_0_i/inst/xdma_0_pcie2_to_pcie3_wrapper_i/pcie2_ip_i/inst/inst/pcie_top_i/pcie_7x_i/pcie_bram_top/pcie_brams_rx/brams[0].ram/use_tdp.ramb36/genblk5_0.bram36_tdp_bl.bram36_tdp_bl/ADDRARDADDR[9] (net: xdma_0_i/inst/xdma_0_pcie2_to_pcie3_wrapper_i/pcie2_ip_i/inst/inst/pcie_top_i/pcie_7x_i/pcie_bram_top/pcie_brams_rx/brams[0].ram/use_tdp.ramb36/MIMRXWADDR[5]) which is driven by a register (xdma_0_i/inst/xdma_0_pcie2_to_pcie3_wrapper_i/xdma_0_axi_stream_intf_i/xdma_0_rx_demux_i/tgt_brdg_fifo_inst/U0/inst_fifo_gen/gaxis_fifo.gaxisf.axisf/grf.rf/gntv_or_sync_fifo.gl0.wr/gwss.gpf.wrpf/gpfs.prog_full_i_reg) that has an active asychronous set or reset. This may cause corruption of the memory contents and/or read values when the set/reset is asserted and is not analyzed by the default static timing analysis. It is suggested to eliminate the use of a set/reset to registers driving this RAMB pin or else use a synchronous reset in which the assertion of the reset is timed by default.
WARNING: [DRC REQP-1840] RAMB18 async control check: The RAMB18E1 xdma_0_i/inst/xdma_0_pcie2_to_pcie3_wrapper_i/xdma_0_axi_stream_intf_i/xdma_0_rx_demux_i/dma_cpl_fifo_inst/U0/inst_fifo_gen/gaxis_fifo.gaxisf.axisf/grf.rf/gntv_or_sync_fifo.mem/gbm.gbmg.gbmga.ngecc.bmg/inst_blk_mem_gen/gnbram.gnativebmg.native_blk_mem_gen/valid.cstr/ramloop[0].ram.r/prim_noinit.ram/DEVICE_7SERIES.NO_BMM_INFO.SDP.WIDE_PRIM18.ram has an input control pin xdma_0_i/inst/xdma_0_pcie2_to_pcie3_wrapper_i/xdma_0_axi_stream_intf_i/xdma_0_rx_demux_i/dma_cpl_fifo_inst/U0/inst_fifo_gen/gaxis_fifo.gaxisf.axisf/grf.rf/gntv_or_sync_fifo.mem/gbm.gbmg.gbmga.ngecc.bmg/inst_blk_mem_gen/gnbram.gnativebmg.native_blk_mem_gen/valid.cstr/ramloop[0].ram.r/prim_noinit.ram/DEVICE_7SERIES.NO_BMM_INFO.SDP.WIDE_PRIM18.ram/ENARDEN (net: xdma_0_i/inst/xdma_0_pcie2_to_pcie3_wrapper_i/xdma_0_axi_stream_intf_i/xdma_0_rx_demux_i/dma_cpl_fifo_inst/U0/inst_fifo_gen/gaxis_fifo.gaxisf.axisf/grf.rf/gntv_or_sync_fifo.mem/gbm.gbmg.gbmga.ngecc.bmg/inst_blk_mem_gen/gnbram.gnativebmg.native_blk_mem_gen/valid.cstr/ramloop[0].ram.r/prim_noinit.ram/ram_rd_en_i) which is driven by a register (xdma_0_i/inst/xdma_0_pcie2_to_pcie3_wrapper_i/pcie2_ip_i/inst/inst/user_reset_out_reg) that has an active asychronous set or reset. This may cause corruption of the memory contents and/or read values when the set/reset is asserted and is not analyzed by the default static timing analysis. It is suggested to eliminate the use of a set/reset to registers driving this RAMB pin or else use a synchronous reset in which the assertion of the reset is timed by default.
WARNING: [DRC RTSTAT-10] No routable loads: 17 net(s) have no routable loads. The problem bus(es) and/or net(s) are xdma_0_i/inst/xdma_0_pcie2_to_pcie3_wrapper_i/xdma_0_axi_stream_intf_i/xdma_0_rx_demux_i/dma_cpl_fifo_inst/U0/inst_fifo_gen/gaxis_fifo.gaxisf.axisf/grf.rf/gntv_or_sync_fifo.gl0.rd/gr1.gr1_int.rfwft/aempty_fwft_i, xdma_0_i/inst/xdma_0_pcie2_to_pcie3_wrapper_i/xdma_0_axi_stream_intf_i/xdma_0_rx_demux_i/tgt_brdg_fifo_inst/U0/inst_fifo_gen/gaxis_fifo.gaxisf.axisf/grf.rf/gntv_or_sync_fifo.gl0.rd/gr1.gr1_int.rfwft/aempty_fwft_i, xdma_0_i/inst/xdma_0_pcie2_to_pcie3_wrapper_i/xdma_0_axi_stream_intf_i/xdma_0_rx_demux_i/dma_cpl_fifo_inst/U0/inst_fifo_gen/gaxis_fifo.gaxisf.axisf/grf.rf/gntv_or_sync_fifo.gl0.wr/gwss.wsts/ram_afull_fb, xdma_0_i/inst/xdma_0_pcie2_to_pcie3_wrapper_i/xdma_0_axi_stream_intf_i/xdma_0_rx_demux_i/tgt_brdg_fifo_inst/U0/inst_fifo_gen/gaxis_fifo.gaxisf.axisf/grf.rf/gntv_or_sync_fifo.gl0.wr/gwss.wsts/ram_afull_fb, xdma_0_i/inst/xdma_0_pcie2_to_pcie3_wrapper_i/xdma_0_axi_stream_intf_i/xdma_0_rx_demux_i/dma_cpl_fifo_inst/U0/inst_fifo_gen/gaxis_fifo.gaxisf.axisf/grf.rf/gntv_or_sync_fifo.gl0.wr/gwss.wsts/ram_afull_i, xdma_0_i/inst/xdma_0_pcie2_to_pcie3_wrapper_i/xdma_0_axi_stream_intf_i/xdma_0_rx_demux_i/tgt_brdg_fifo_inst/U0/inst_fifo_gen/gaxis_fifo.gaxisf.axisf/grf.rf/gntv_or_sync_fifo.gl0.wr/gwss.wsts/ram_afull_i, xdma_0_i/inst/xdma_0_pcie2_to_pcie3_wrapper_i/xdma_0_axi_stream_intf_i/xdma_0_rx_demux_i/dma_cpl_fifo_inst/U0/inst_fifo_gen/gaxis_fifo.gaxisf.axisf/grf.rf/gntv_or_sync_fifo.gl0.rd/grss.rsts/ram_empty_i, xdma_0_i/inst/xdma_0_pcie2_to_pcie3_wrapper_i/xdma_0_axi_stream_intf_i/xdma_0_rx_demux_i/tgt_brdg_fifo_inst/U0/inst_fifo_gen/gaxis_fifo.gaxisf.axisf/grf.rf/gntv_or_sync_fifo.gl0.rd/grss.rsts/ram_empty_i, xdma_0_i/inst/xdma_0_pcie2_to_pcie3_wrapper_i/xdma_0_axi_stream_intf_i/xdma_0_rx_demux_i/dma_cpl_fifo_inst/U0/inst_fifo_gen/gaxis_fifo.gaxisf.axisf/grf.rf/rstblk/rd_rst_reg[1], xdma_0_i/inst/xdma_0_pcie2_to_pcie3_wrapper_i/xdma_0_axi_stream_intf_i/xdma_0_rx_demux_i/tgt_brdg_fifo_inst/U0/inst_fifo_gen/gaxis_fifo.gaxisf.axisf/grf.rf/rstblk/rd_rst_reg[1], xdma_0_i/inst/xdma_0_pcie2_to_pcie3_wrapper_i/pcie2_ip_i/inst/inst/store_ltssm, xdma_0_i/inst/xdma_0_pcie2_to_pcie3_wrapper_i/xdma_0_axi_stream_intf_i/xdma_0_rx_demux_i/dma_cpl_fifo_inst/U0/inst_fifo_gen/gaxis_fifo.gaxisf.axisf/grf.rf/gntv_or_sync_fifo.gl0.rd/gr1.gr1_int.rfwft/user_valid, xdma_0_i/inst/xdma_0_pcie2_to_pcie3_wrapper_i/xdma_0_axi_stream_intf_i/xdma_0_rx_demux_i/tgt_brdg_fifo_inst/U0/inst_fifo_gen/gaxis_fifo.gaxisf.axisf/grf.rf/gntv_or_sync_fifo.gl0.rd/gr1.gr1_int.rfwft/user_valid, xdma_0_i/inst/xdma_0_pcie2_to_pcie3_wrapper_i/xdma_0_axi_stream_intf_i/xdma_0_rx_demux_i/tgt_brdg_fifo_inst/U0/inst_fifo_gen/gaxis_fifo.gaxisf.axisf/grf.rf/rstblk/wr_rst_reg[0], xdma_0_i/inst/xdma_0_pcie2_to_pcie3_wrapper_i/xdma_0_axi_stream_intf_i/xdma_0_rx_demux_i/dma_cpl_fifo_inst/U0/inst_fifo_gen/gaxis_fifo.gaxisf.axisf/grf.rf/rstblk/wr_rst_reg[0]... and (the first 15 of 17 listed).
INFO: [Vivado 12-3199] DRC finished with 0 Errors, 24 Warnings
INFO: [Vivado 12-3200] Please refer to the DRC report (report_drc) for more information.
INFO: [Designutils 20-2272] Running write_bitstream with 8 threads.
Loading data files...
Loading site data...
Loading route data...
Processing options...
Creating bitmap...
Creating bitstream...
Writing bitstream ./xilinx_dma_pcie_ep.bit...
INFO: [Vivado 12-1842] Bitgen Completed Successfully.
INFO: [Project 1-118] WebTalk data collection is enabled (User setting is ON. Install Setting is ON.).
INFO: [Common 17-83] Releasing license: Implementation
121 Infos, 47 Warnings, 0 Critical Warnings and 0 Errors encountered.
write_bitstream completed successfully
write_bitstream: Time (s): cpu = 00:00:25 ; elapsed = 00:00:21 . Memory (MB): peak = 3706.125 ; gain = 377.938 ; free physical = 40768 ; free virtual = 58381
INFO: [Common 17-206] Exiting Vivado at Sat Jul 23 12:24:32 2022...
