Copyright 1986-2018 Xilinx, Inc. All Rights Reserved.
----------------------------------------------------------------------------------------------------------------------------------------------------------------------------
| Tool Version     : Vivado v.2018.3 (lin64) Build 2405991 Thu Dec  6 23:36:41 MST 2018
| Date             : Sat Jul 23 12:24:09 2022
| Host             : pku-sat11 running 64-bit Ubuntu 20.04.3 LTS
| Command          : report_power -file xilinx_dma_pcie_ep_power_routed.rpt -pb xilinx_dma_pcie_ep_power_summary_routed.pb -rpx xilinx_dma_pcie_ep_power_routed.rpx
| Design           : xilinx_dma_pcie_ep
| Device           : xc7k325tffg900-2
| Design State     : routed
| Grade            : commercial
| Process          : typical
| Characterization : Production
----------------------------------------------------------------------------------------------------------------------------------------------------------------------------

Power Report

Table of Contents
-----------------
1. Summary
1.1 On-Chip Components
1.2 Power Supply Summary
1.3 Confidence Level
2. Settings
2.1 Environment
2.2 Clock Constraints
3. Detailed Reports
3.1 By Hierarchy

1. Summary
----------

+--------------------------+--------------+
| Total On-Chip Power (W)  | 0.826        |
| Design Power Budget (W)  | Unspecified* |
| Power Budget Margin (W)  | NA           |
| Dynamic (W)              | 0.653        |
| Device Static (W)        | 0.174        |
| Effective TJA (C/W)      | 1.8          |
| Max Ambient (C)          | 83.5         |
| Junction Temperature (C) | 26.5         |
| Confidence Level         | Low          |
| Setting File             | ---          |
| Simulation Activity File | ---          |
| Design Nets Matched      | NA           |
+--------------------------+--------------+
* Specify Design Power Budget using, set_operating_conditions -design_power_budget <value in Watts>


1.1 On-Chip Components
----------------------

+--------------------------+-----------+----------+-----------+-----------------+
| On-Chip                  | Power (W) | Used     | Available | Utilization (%) |
+--------------------------+-----------+----------+-----------+-----------------+
| Clocks                   |     0.063 |       10 |       --- |             --- |
| Slice Logic              |     0.033 |    41241 |       --- |             --- |
|   LUT as Logic           |     0.027 |    14595 |    203800 |            7.16 |
|   Register               |     0.002 |    17838 |    407600 |            4.38 |
|   LUT as Distributed RAM |     0.002 |     2012 |     64000 |            3.14 |
|   CARRY4                 |     0.002 |      882 |     50950 |            1.73 |
|   F7/F8 Muxes            |    <0.001 |      250 |    203800 |            0.12 |
|   LUT as Shift Register  |    <0.001 |       15 |     64000 |            0.02 |
|   Others                 |     0.000 |      375 |       --- |             --- |
| Signals                  |     0.040 |    29891 |       --- |             --- |
| Block RAM                |     0.040 |     26.5 |       445 |            5.96 |
| MMCM                     |     0.107 |        1 |        10 |           10.00 |
| I/O                      |    <0.001 |        5 |       500 |            1.00 |
| GTX                      |     0.327 |        1 |        16 |            6.25 |
| Hard IPs                 |     0.042 |        1 |       --- |             --- |
|   PCIE                   |     0.042 |        1 |         1 |          100.00 |
| Static Power             |     0.174 |          |           |                 |
| Total                    |     0.826 |          |           |                 |
+--------------------------+-----------+----------+-----------+-----------------+


1.2 Power Supply Summary
------------------------

+-----------+-------------+-----------+-------------+------------+
| Source    | Voltage (V) | Total (A) | Dynamic (A) | Static (A) |
+-----------+-------------+-----------+-------------+------------+
| Vccint    |       1.000 |     0.326 |       0.254 |      0.072 |
| Vccaux    |       1.800 |     0.087 |       0.059 |      0.028 |
| Vcco33    |       3.300 |     0.000 |       0.000 |      0.000 |
| Vcco25    |       2.500 |     0.000 |       0.000 |      0.000 |
| Vcco18    |       1.800 |     0.000 |       0.000 |      0.000 |
| Vcco15    |       1.500 |     0.001 |       0.000 |      0.001 |
| Vcco135   |       1.350 |     0.000 |       0.000 |      0.000 |
| Vcco12    |       1.200 |     0.000 |       0.000 |      0.000 |
| Vccaux_io |       1.800 |     0.000 |       0.000 |      0.000 |
| Vccbram   |       1.000 |     0.004 |       0.002 |      0.002 |
| MGTAVcc   |       1.000 |     0.164 |       0.159 |      0.004 |
| MGTAVtt   |       1.200 |     0.099 |       0.094 |      0.005 |
| MGTVccaux |       1.800 |     0.010 |       0.010 |      0.000 |
| Vccadc    |       1.800 |     0.020 |       0.000 |      0.020 |
+-----------+-------------+-----------+-------------+------------+


1.3 Confidence Level
--------------------

+-----------------------------+------------+--------------------------------------------------------+------------------------------------------------------------------------------------------------------------+
| User Input Data             | Confidence | Details                                                | Action                                                                                                     |
+-----------------------------+------------+--------------------------------------------------------+------------------------------------------------------------------------------------------------------------+
| Design implementation state | High       | Design is routed                                       |                                                                                                            |
| Clock nodes activity        | High       | User specified more than 95% of clocks                 |                                                                                                            |
| I/O nodes activity          | Low        | More than 75% of inputs are missing user specification | Provide missing input activity with simulation results or by editing the "By Resource Type -> I/Os" view   |
| Internal nodes activity     | Medium     | User specified less than 25% of internal nodes         | Provide missing internal nodes activity with simulation results or by editing the "By Resource Type" views |
| Device models               | High       | Device models are Production                           |                                                                                                            |
|                             |            |                                                        |                                                                                                            |
| Overall confidence level    | Low        |                                                        |                                                                                                            |
+-----------------------------+------------+--------------------------------------------------------+------------------------------------------------------------------------------------------------------------+


2. Settings
-----------

2.1 Environment
---------------

+-----------------------+--------------------------+
| Ambient Temp (C)      | 25.0                     |
| ThetaJA (C/W)         | 1.8                      |
| Airflow (LFM)         | 250                      |
| Heat Sink             | medium (Medium Profile)  |
| ThetaSA (C/W)         | 3.3                      |
| Board Selection       | medium (10"x10")         |
| # of Board Layers     | 12to15 (12 to 15 Layers) |
| Board Temperature (C) | 25.0                     |
+-----------------------+--------------------------+


2.2 Clock Constraints
---------------------

+---------------------+----------------------------------------------------------------------------------------------------------------------------------------+-----------------+
| Clock               | Domain                                                                                                                                 | Constraint (ns) |
+---------------------+----------------------------------------------------------------------------------------------------------------------------------------+-----------------+
| clk_125mhz_mux_x0y0 | xdma_0_i/inst/xdma_0_pcie2_to_pcie3_wrapper_i/pcie2_ip_i/inst/inst/gt_top_i/pipe_wrapper_i/pipe_clock_int.pipe_clock_i/pclk_sel_reg_0  |             4.0 |
| clk_125mhz_x0y0     | xdma_0_i/inst/xdma_0_pcie2_to_pcie3_wrapper_i/pcie2_ip_i/inst/inst/gt_top_i/pipe_wrapper_i/pipe_clock_int.pipe_clock_i/clk_125mhz      |             8.0 |
| clk_250mhz_mux_x0y0 | xdma_0_i/inst/xdma_0_pcie2_to_pcie3_wrapper_i/pcie2_ip_i/inst/inst/gt_top_i/pipe_wrapper_i/pipe_clock_int.pipe_clock_i/pclk_sel_reg_0  |             4.0 |
| clk_250mhz_x0y0     | xdma_0_i/inst/xdma_0_pcie2_to_pcie3_wrapper_i/pcie2_ip_i/inst/inst/gt_top_i/pipe_wrapper_i/pipe_clock_int.pipe_clock_i/clk_250mhz      |             4.0 |
| mmcm_fb             | xdma_0_i/inst/xdma_0_pcie2_to_pcie3_wrapper_i/pcie2_ip_i/inst/inst/gt_top_i/pipe_wrapper_i/pipe_clock_int.pipe_clock_i/mmcm_fb         |            10.0 |
| sys_clk             | sys_clk_p                                                                                                                              |            10.0 |
| txoutclk_x0y0       | xdma_0_i/inst/xdma_0_pcie2_to_pcie3_wrapper_i/pcie2_ip_i/inst/inst/gt_top_i/pipe_wrapper_i/pipe_lane[0].gt_wrapper_i/pipe_txoutclk_out |            10.0 |
| userclk1            | xdma_0_i/inst/xdma_0_pcie2_to_pcie3_wrapper_i/pcie2_ip_i/inst/inst/gt_top_i/pipe_wrapper_i/pipe_clock_int.pipe_clock_i/userclk1        |            16.0 |
+---------------------+----------------------------------------------------------------------------------------------------------------------------------------+-----------------+


3. Detailed Reports
-------------------

3.1 By Hierarchy
----------------

+---------------------------------------+-----------+
| Name                                  | Power (W) |
+---------------------------------------+-----------+
| xilinx_dma_pcie_ep                    |     0.653 |
|   xdma_0_i                            |     0.649 |
|     inst                              |     0.649 |
|       ram_top                         |     0.016 |
|       udma_wrapper                    |     0.120 |
|       xdma_0_pcie2_to_pcie3_wrapper_i |     0.513 |
|   xdma_app_i                          |     0.004 |
|     blk_mem_xdma_inst                 |     0.003 |
|       U0                              |     0.003 |
+---------------------------------------+-----------+


